#
# There is insufficient memory for the Java Runtime Environment to continue.
# Native memory allocation (malloc) failed to allocate 885936 bytes for Chunk::new
# Possible reasons:
#   The system is out of physical RAM or swap space
#   The process is running with CompressedOops enabled, and the Java Heap may be blocking the growth of the native heap
# Possible solutions:
#   Reduce memory load on the system
#   Increase physical memory or swap space
#   Check if swap backing store is full
#   Decrease Java heap size (-Xmx/-Xms)
#   Decrease number of Java threads
#   Decrease Java thread stack sizes (-Xss)
#   Set larger code cache with -XX:ReservedCodeCacheSize=
#   JVM is running with Unscaled Compressed Oops mode in which the Java heap is
#     placed in the first 4GB address space. The Java Heap base address is the
#     maximum limit for the native heap growth. Please use -XX:HeapBaseMinAddress
#     to set the Java Heap base and to place the Java Heap above 4GB virtual address.
# This output file may be truncated or incomplete.
#
#  Out of Memory Error (./src/hotspot/share/memory/arena.cpp:197), pid=1456, tid=6384
#
# JRE version: OpenJDK Runtime Environment JBR-11.0.9.11-1145.21-jcef (11.0.9+11) (build 11.0.9+11-b1145.21)
# Java VM: OpenJDK 64-Bit Server VM JBR-11.0.9.11-1145.21-jcef (11.0.9+11-b1145.21, mixed mode, tiered, compressed oops, g1 gc, windows-amd64)
# No core dump will be written. Minidumps are not enabled by default on client versions of Windows
#

---------------  S U M M A R Y ------------

Command Line: C:\Users\amins\AppData\Roaming\JetBrains\IntelliJIdea2020.3\plugins\idea-spring-tools\lib\server\language-server.jar

Host: AMD Ryzen 5 3550H with Radeon Vega Mobile Gfx  , 8 cores, 5G,  Windows 10 , 64 bit Build 18362 (10.0.18362.1316)
Time: Tue Jan 19 21:22:20 2021 Paris, Madrid elapsed time: 6.105899 seconds (0d 0h 0m 6s)

---------------  T H R E A D  ---------------

Current thread (0x0000024528bb8000):  JavaThread "C2 CompilerThread1" daemon [_thread_in_native, id=6384, stack(0x000000d4e5b00000,0x000000d4e5c00000)]


Current CompileTask:
C2:   6106 2862       4       java.io.StreamTokenizer::nextToken (1268 bytes)

Stack: [0x000000d4e5b00000,0x000000d4e5c00000]
Native frames: (J=compiled Java code, j=interpreted, Vv=VM code, C=native code)
V  [jvm.dll+0x5ed3ca]
V  [jvm.dll+0x722725]
V  [jvm.dll+0x723c7d]
V  [jvm.dll+0x724333]
V  [jvm.dll+0x242bd8]
V  [jvm.dll+0xbc0fc]
V  [jvm.dll+0xbc5fc]
V  [jvm.dll+0x35303b]
V  [jvm.dll+0x320e23]
V  [jvm.dll+0x32031a]
V  [jvm.dll+0x1fbca2]
V  [jvm.dll+0x1fae74]
V  [jvm.dll+0x18362c]
V  [jvm.dll+0x2095b7]
V  [jvm.dll+0x207e01]
V  [jvm.dll+0x6eb1ff]
V  [jvm.dll+0x6e3d55]
V  [jvm.dll+0x5ec366]
C  [ucrtbase.dll+0x210b2]
C  [KERNEL32.DLL+0x17c24]
C  [ntdll.dll+0x6d4d1]


---------------  P R O C E S S  ---------------

Threads class SMR info:
_java_thread_list=0x000002452930c370, length=24, elements={
0x0000024526f13800, 0x0000024526f15000, 0x0000024526f30800, 0x0000024526f32800,
0x0000024526f33800, 0x0000024526f36800, 0x0000024526f58000, 0x0000024527a12800,
0x0000024527a15800, 0x0000024527c7a800, 0x0000024528aaf000, 0x0000024528f47800,
0x0000024528277800, 0x0000024527c55800, 0x0000024528be9800, 0x0000024528bea800,
0x0000024528e33800, 0x0000024528fc9800, 0x000002450dd4e000, 0x0000024528c2d800,
0x0000024528c2e800, 0x0000024528c2f000, 0x0000024528bb8000, 0x0000024528c29800
}

Java Threads: ( => current thread )
  0x0000024526f13800 JavaThread "Reference Handler" daemon [_thread_blocked, id=2860, stack(0x000000d4e4100000,0x000000d4e4200000)]
  0x0000024526f15000 JavaThread "Finalizer" daemon [_thread_blocked, id=16136, stack(0x000000d4e4200000,0x000000d4e4300000)]
  0x0000024526f30800 JavaThread "Signal Dispatcher" daemon [_thread_blocked, id=11128, stack(0x000000d4e4300000,0x000000d4e4400000)]
  0x0000024526f32800 JavaThread "Attach Listener" daemon [_thread_blocked, id=22272, stack(0x000000d4e4400000,0x000000d4e4500000)]
  0x0000024526f33800 JavaThread "C2 CompilerThread0" daemon [_thread_in_native, id=1832, stack(0x000000d4e4500000,0x000000d4e4600000)]
  0x0000024526f36800 JavaThread "C1 CompilerThread0" daemon [_thread_blocked, id=15776, stack(0x000000d4e4600000,0x000000d4e4700000)]
  0x0000024526f58000 JavaThread "Sweeper thread" daemon [_thread_blocked, id=21172, stack(0x000000d4e4700000,0x000000d4e4800000)]
  0x0000024527a12800 JavaThread "Service Thread" daemon [_thread_blocked, id=8292, stack(0x000000d4e4800000,0x000000d4e4900000)]
  0x0000024527a15800 JavaThread "Common-Cleaner" daemon [_thread_blocked, id=2724, stack(0x000000d4e4a00000,0x000000d4e4b00000)]
  0x0000024527c7a800 JavaThread "ForkJoinPool.commonPool-worker-3" daemon [_thread_blocked, id=10560, stack(0x000000d4e4d00000,0x000000d4e4e00000)]
  0x0000024528aaf000 JavaThread "ForkJoinPool.commonPool-worker-5" daemon [_thread_blocked, id=11756, stack(0x000000d4e5000000,0x000000d4e5100000)]
  0x0000024528f47800 JavaThread "ForkJoinPool.commonPool-worker-7" daemon [_thread_blocked, id=23484, stack(0x000000d4e5100000,0x000000d4e5200000)]
  0x0000024528277800 JavaThread "ForkJoinPool.commonPool-worker-9" daemon [_thread_blocked, id=13892, stack(0x000000d4e5200000,0x000000d4e5300000)]
  0x0000024527c55800 JavaThread "ForkJoinPool.commonPool-worker-11" daemon [_thread_blocked, id=13808, stack(0x000000d4e5300000,0x000000d4e5400000)]
  0x0000024528be9800 JavaThread "ForkJoinPool.commonPool-worker-13" daemon [_thread_blocked, id=21456, stack(0x000000d4e5400000,0x000000d4e5500000)]
  0x0000024528bea800 JavaThread "ForkJoinPool.commonPool-worker-15" daemon [_thread_blocked, id=5328, stack(0x000000d4e5500000,0x000000d4e5600000)]
  0x0000024528e33800 JavaThread "Simple-Language-Server main thread" daemon [_thread_in_vm, id=4152, stack(0x000000d4e4b00000,0x000000d4e4c00000)]
  0x0000024528fc9800 JavaThread "LanguageServerApp-lifecycle" [_thread_blocked, id=18832, stack(0x000000d4e5700000,0x000000d4e5800000)]
  0x000002450dd4e000 JavaThread "DestroyJavaVM" [_thread_blocked, id=5496, stack(0x000000d4e3a00000,0x000000d4e3b00000)]
  0x0000024528c2d800 JavaThread "pool-4-thread-1" [_thread_in_native, id=21528, stack(0x000000d4e5800000,0x000000d4e5900000)]
  0x0000024528c2e800 JavaThread "pool-5-thread-1" [_thread_blocked, id=19084, stack(0x000000d4e5900000,0x000000d4e5a00000)]
  0x0000024528c2f000 JavaThread "parallel-1" daemon [_thread_blocked, id=944, stack(0x000000d4e5a00000,0x000000d4e5b00000)]
=>0x0000024528bb8000 JavaThread "C2 CompilerThread1" daemon [_thread_in_native, id=6384, stack(0x000000d4e5b00000,0x000000d4e5c00000)]
  0x0000024528c29800 JavaThread "Reconciler-1" daemon [_thread_blocked, id=9228, stack(0x000000d4e5c00000,0x000000d4e5d00000)]

Other Threads:
  0x0000024526eec000 VMThread "VM Thread" [stack: 0x000000d4e4000000,0x000000d4e4100000] [id=13296]
  0x0000024527a14000 WatcherThread [stack: 0x000000d4e4900000,0x000000d4e4a00000] [id=9708]
  0x000002450dd64800 GCTaskThread "GC Thread#0" [stack: 0x000000d4e3b00000,0x000000d4e3c00000] [id=13132]
  0x0000024527f82000 GCTaskThread "GC Thread#1" [stack: 0x000000d4e4c00000,0x000000d4e4d00000] [id=15584]
  0x0000024528a8e800 GCTaskThread "GC Thread#2" [stack: 0x000000d4e4e00000,0x000000d4e4f00000] [id=5568]
  0x0000024528627800 GCTaskThread "GC Thread#3" [stack: 0x000000d4e4f00000,0x000000d4e5000000] [id=23156]
  0x000002450dd8a800 ConcurrentGCThread "G1 Main Marker" [stack: 0x000000d4e3c00000,0x000000d4e3d00000] [id=7912]
  0x000002450dd8c000 ConcurrentGCThread "G1 Conc#0" [stack: 0x000000d4e3d00000,0x000000d4e3e00000] [id=16204]
  0x0000024527f7e800 ConcurrentGCThread "G1 Conc#1" [stack: 0x000000d4e5600000,0x000000d4e5700000] [id=14748]
  0x000002450de13800 ConcurrentGCThread "G1 Refine#0" [stack: 0x000000d4e3e00000,0x000000d4e3f00000] [id=14480]
  0x000002450de15800 ConcurrentGCThread "G1 Young RemSet Sampling" [stack: 0x000000d4e3f00000,0x000000d4e4000000] [id=7856]

Threads with active compile tasks:
C2 CompilerThread0   6141 2807       4       java.lang.invoke.MethodType::makeImpl (108 bytes)
C1 CompilerThread0   6141 3031       2       java.io.WinNTFileSystem::normalizePrefix (132 bytes)
C2 CompilerThread1   6142 2862       4       java.io.StreamTokenizer::nextToken (1268 bytes)

VM state:not at safepoint (normal execution)

VM Mutex/Monitor currently owned by a thread:  ([mutex/lock_event])
[0x000002450dd49e90] MetaspaceExpand_lock - owner thread: 0x0000000000000000

Heap address: 0x00000000a1400000, size: 1516 MB, Compressed Oops mode: 32-bit
Narrow klass base: 0x0000000000000000, Narrow klass shift: 3
Compressed class space size: 1073741824 Address: 0x0000000100000000

Heap:
 garbage-first heap   total 118784K, used 60410K [0x00000000a1400000, 0x0000000100000000)
  region size 1024K, 56 young (57344K), 5 survivors (5120K)
 Metaspace       used 30857K, capacity 31746K, committed 32000K, reserved 1077248K
  class space    used 3742K, capacity 4084K, committed 4096K, reserved 1048576K
Heap Regions: E=young(eden), S=young(survivor), O=old, HS=humongous(starts), HC=humongous(continues), CS=collection set, F=free, A=archive, TAMS=top-at-mark-start (previous, next)
|   0|0x00000000a1400000, 0x00000000a1500000, 0x00000000a1500000|100%| O|  |TAMS 0x00000000a1500000, 0x00000000a1400000| Untracked 
|   1|0x00000000a1500000, 0x00000000a1600000, 0x00000000a1600000|100%| O|  |TAMS 0x00000000a1600000, 0x00000000a1500000| Untracked 
|   2|0x00000000a1600000, 0x00000000a1700000, 0x00000000a1700000|100%| O|  |TAMS 0x00000000a1700000, 0x00000000a1600000| Untracked 
|   3|0x00000000a1700000, 0x00000000a1800000, 0x00000000a1800000|100%| O|  |TAMS 0x00000000a1800000, 0x00000000a1700000| Untracked 
|   4|0x00000000a1800000, 0x00000000a181b400, 0x00000000a1900000| 10%| O|  |TAMS 0x00000000a181b400, 0x00000000a1800000| Untracked 
|   5|0x00000000a1900000, 0x00000000a1900000, 0x00000000a1a00000|  0%| F|  |TAMS 0x00000000a1900000, 0x00000000a1900000| Untracked 
|   6|0x00000000a1a00000, 0x00000000a1a00000, 0x00000000a1b00000|  0%| F|  |TAMS 0x00000000a1a00000, 0x00000000a1a00000| Untracked 
|   7|0x00000000a1b00000, 0x00000000a1b00000, 0x00000000a1c00000|  0%| F|  |TAMS 0x00000000a1b00000, 0x00000000a1b00000| Untracked 
|   8|0x00000000a1c00000, 0x00000000a1c00000, 0x00000000a1d00000|  0%| F|  |TAMS 0x00000000a1c00000, 0x00000000a1c00000| Untracked 
|   9|0x00000000a1d00000, 0x00000000a1d00000, 0x00000000a1e00000|  0%| F|  |TAMS 0x00000000a1d00000, 0x00000000a1d00000| Untracked 
|  10|0x00000000a1e00000, 0x00000000a1e00000, 0x00000000a1f00000|  0%| F|  |TAMS 0x00000000a1e00000, 0x00000000a1e00000| Untracked 
|  11|0x00000000a1f00000, 0x00000000a1f00000, 0x00000000a2000000|  0%| F|  |TAMS 0x00000000a1f00000, 0x00000000a1f00000| Untracked 
|  12|0x00000000a2000000, 0x00000000a2000000, 0x00000000a2100000|  0%| F|  |TAMS 0x00000000a2000000, 0x00000000a2000000| Untracked 
|  13|0x00000000a2100000, 0x00000000a2100000, 0x00000000a2200000|  0%| F|  |TAMS 0x00000000a2100000, 0x00000000a2100000| Untracked 
|  14|0x00000000a2200000, 0x00000000a2200000, 0x00000000a2300000|  0%| F|  |TAMS 0x00000000a2200000, 0x00000000a2200000| Untracked 
|  15|0x00000000a2300000, 0x00000000a2300000, 0x00000000a2400000|  0%| F|  |TAMS 0x00000000a2300000, 0x00000000a2300000| Untracked 
|  16|0x00000000a2400000, 0x00000000a2400000, 0x00000000a2500000|  0%| F|  |TAMS 0x00000000a2400000, 0x00000000a2400000| Untracked 
|  17|0x00000000a2500000, 0x00000000a2500000, 0x00000000a2600000|  0%| F|  |TAMS 0x00000000a2500000, 0x00000000a2500000| Untracked 
|  18|0x00000000a2600000, 0x00000000a2600000, 0x00000000a2700000|  0%| F|  |TAMS 0x00000000a2600000, 0x00000000a2600000| Untracked 
|  19|0x00000000a2700000, 0x00000000a2700000, 0x00000000a2800000|  0%| F|  |TAMS 0x00000000a2700000, 0x00000000a2700000| Untracked 
|  20|0x00000000a2800000, 0x00000000a2800000, 0x00000000a2900000|  0%| F|  |TAMS 0x00000000a2800000, 0x00000000a2800000| Untracked 
|  21|0x00000000a2900000, 0x00000000a2900000, 0x00000000a2a00000|  0%| F|  |TAMS 0x00000000a2900000, 0x00000000a2900000| Untracked 
|  22|0x00000000a2a00000, 0x00000000a2a00000, 0x00000000a2b00000|  0%| F|  |TAMS 0x00000000a2a00000, 0x00000000a2a00000| Untracked 
|  23|0x00000000a2b00000, 0x00000000a2b00000, 0x00000000a2c00000|  0%| F|  |TAMS 0x00000000a2b00000, 0x00000000a2b00000| Untracked 
|  24|0x00000000a2c00000, 0x00000000a2c00000, 0x00000000a2d00000|  0%| F|  |TAMS 0x00000000a2c00000, 0x00000000a2c00000| Untracked 
|  25|0x00000000a2d00000, 0x00000000a2d00000, 0x00000000a2e00000|  0%| F|  |TAMS 0x00000000a2d00000, 0x00000000a2d00000| Untracked 
|  26|0x00000000a2e00000, 0x00000000a2e00000, 0x00000000a2f00000|  0%| F|  |TAMS 0x00000000a2e00000, 0x00000000a2e00000| Untracked 
|  27|0x00000000a2f00000, 0x00000000a2f00000, 0x00000000a3000000|  0%| F|  |TAMS 0x00000000a2f00000, 0x00000000a2f00000| Untracked 
|  28|0x00000000a3000000, 0x00000000a3000000, 0x00000000a3100000|  0%| F|  |TAMS 0x00000000a3000000, 0x00000000a3000000| Untracked 
|  29|0x00000000a3100000, 0x00000000a3100000, 0x00000000a3200000|  0%| F|  |TAMS 0x00000000a3100000, 0x00000000a3100000| Untracked 
|  30|0x00000000a3200000, 0x00000000a3200000, 0x00000000a3300000|  0%| F|  |TAMS 0x00000000a3200000, 0x00000000a3200000| Untracked 
|  31|0x00000000a3300000, 0x00000000a3300000, 0x00000000a3400000|  0%| F|  |TAMS 0x00000000a3300000, 0x00000000a3300000| Untracked 
|  32|0x00000000a3400000, 0x00000000a3400000, 0x00000000a3500000|  0%| F|  |TAMS 0x00000000a3400000, 0x00000000a3400000| Untracked 
|  33|0x00000000a3500000, 0x00000000a3500000, 0x00000000a3600000|  0%| F|  |TAMS 0x00000000a3500000, 0x00000000a3500000| Untracked 
|  34|0x00000000a3600000, 0x00000000a36e37a8, 0x00000000a3700000| 88%| S|CS|TAMS 0x00000000a3600000, 0x00000000a3600000| Complete 
|  35|0x00000000a3700000, 0x00000000a3800000, 0x00000000a3800000|100%| S|CS|TAMS 0x00000000a3700000, 0x00000000a3700000| Complete 
|  36|0x00000000a3800000, 0x00000000a3900000, 0x00000000a3900000|100%| S|CS|TAMS 0x00000000a3800000, 0x00000000a3800000| Complete 
|  37|0x00000000a3900000, 0x00000000a3a00000, 0x00000000a3a00000|100%| S|CS|TAMS 0x00000000a3900000, 0x00000000a3900000| Complete 
|  38|0x00000000a3a00000, 0x00000000a3b00000, 0x00000000a3b00000|100%| S|CS|TAMS 0x00000000a3a00000, 0x00000000a3a00000| Complete 
|  39|0x00000000a3b00000, 0x00000000a3b00000, 0x00000000a3c00000|  0%| F|  |TAMS 0x00000000a3b00000, 0x00000000a3b00000| Untracked 
|  40|0x00000000a3c00000, 0x00000000a3c00000, 0x00000000a3d00000|  0%| F|  |TAMS 0x00000000a3c00000, 0x00000000a3c00000| Untracked 
|  41|0x00000000a3d00000, 0x00000000a3d00000, 0x00000000a3e00000|  0%| F|  |TAMS 0x00000000a3d00000, 0x00000000a3d00000| Untracked 
|  42|0x00000000a3e00000, 0x00000000a3e00000, 0x00000000a3f00000|  0%| F|  |TAMS 0x00000000a3e00000, 0x00000000a3e00000| Untracked 
|  43|0x00000000a3f00000, 0x00000000a3f00000, 0x00000000a4000000|  0%| F|  |TAMS 0x00000000a3f00000, 0x00000000a3f00000| Untracked 
|  44|0x00000000a4000000, 0x00000000a4000000, 0x00000000a4100000|  0%| F|  |TAMS 0x00000000a4000000, 0x00000000a4000000| Untracked 
|  45|0x00000000a4100000, 0x00000000a4100000, 0x00000000a4200000|  0%| F|  |TAMS 0x00000000a4100000, 0x00000000a4100000| Untracked 
|  46|0x00000000a4200000, 0x00000000a4200000, 0x00000000a4300000|  0%| F|  |TAMS 0x00000000a4200000, 0x00000000a4200000| Untracked 
|  47|0x00000000a4300000, 0x00000000a4300000, 0x00000000a4400000|  0%| F|  |TAMS 0x00000000a4300000, 0x00000000a4300000| Untracked 
|  48|0x00000000a4400000, 0x00000000a4400000, 0x00000000a4500000|  0%| F|  |TAMS 0x00000000a4400000, 0x00000000a4400000| Untracked 
|  49|0x00000000a4500000, 0x00000000a4500000, 0x00000000a4600000|  0%| F|  |TAMS 0x00000000a4500000, 0x00000000a4500000| Untracked 
|  50|0x00000000a4600000, 0x00000000a4600000, 0x00000000a4700000|  0%| F|  |TAMS 0x00000000a4600000, 0x00000000a4600000| Untracked 
|  51|0x00000000a4700000, 0x00000000a4700000, 0x00000000a4800000|  0%| F|  |TAMS 0x00000000a4700000, 0x00000000a4700000| Untracked 
|  52|0x00000000a4800000, 0x00000000a4800000, 0x00000000a4900000|  0%| F|  |TAMS 0x00000000a4800000, 0x00000000a4800000| Untracked 
|  53|0x00000000a4900000, 0x00000000a4900000, 0x00000000a4a00000|  0%| F|  |TAMS 0x00000000a4900000, 0x00000000a4900000| Untracked 
|  54|0x00000000a4a00000, 0x00000000a4a00000, 0x00000000a4b00000|  0%| F|  |TAMS 0x00000000a4a00000, 0x00000000a4a00000| Untracked 
|  55|0x00000000a4b00000, 0x00000000a4b00000, 0x00000000a4c00000|  0%| F|  |TAMS 0x00000000a4b00000, 0x00000000a4b00000| Untracked 
|  56|0x00000000a4c00000, 0x00000000a4c00000, 0x00000000a4d00000|  0%| F|  |TAMS 0x00000000a4c00000, 0x00000000a4c00000| Untracked 
|  57|0x00000000a4d00000, 0x00000000a4d00000, 0x00000000a4e00000|  0%| F|  |TAMS 0x00000000a4d00000, 0x00000000a4d00000| Untracked 
|  58|0x00000000a4e00000, 0x00000000a4e00000, 0x00000000a4f00000|  0%| F|  |TAMS 0x00000000a4e00000, 0x00000000a4e00000| Untracked 
|  59|0x00000000a4f00000, 0x00000000a4f00000, 0x00000000a5000000|  0%| F|  |TAMS 0x00000000a4f00000, 0x00000000a4f00000| Untracked 
|  60|0x00000000a5000000, 0x00000000a5000000, 0x00000000a5100000|  0%| F|  |TAMS 0x00000000a5000000, 0x00000000a5000000| Untracked 
|  61|0x00000000a5100000, 0x00000000a5100000, 0x00000000a5200000|  0%| F|  |TAMS 0x00000000a5100000, 0x00000000a5100000| Untracked 
|  62|0x00000000a5200000, 0x00000000a5200000, 0x00000000a5300000|  0%| F|  |TAMS 0x00000000a5200000, 0x00000000a5200000| Untracked 
|  63|0x00000000a5300000, 0x00000000a5300000, 0x00000000a5400000|  0%| F|  |TAMS 0x00000000a5300000, 0x00000000a5300000| Untracked 
|  64|0x00000000a5400000, 0x00000000a5400000, 0x00000000a5500000|  0%| F|  |TAMS 0x00000000a5400000, 0x00000000a5400000| Untracked 
|  65|0x00000000a5500000, 0x00000000a554ae60, 0x00000000a5600000| 29%| E|  |TAMS 0x00000000a5500000, 0x00000000a5500000| Complete 
|  66|0x00000000a5600000, 0x00000000a5700000, 0x00000000a5700000|100%| E|CS|TAMS 0x00000000a5600000, 0x00000000a5600000| Complete 
|  67|0x00000000a5700000, 0x00000000a5800000, 0x00000000a5800000|100%| E|CS|TAMS 0x00000000a5700000, 0x00000000a5700000| Complete 
|  68|0x00000000a5800000, 0x00000000a5900000, 0x00000000a5900000|100%| E|CS|TAMS 0x00000000a5800000, 0x00000000a5800000| Complete 
|  69|0x00000000a5900000, 0x00000000a5a00000, 0x00000000a5a00000|100%| E|CS|TAMS 0x00000000a5900000, 0x00000000a5900000| Complete 
|  70|0x00000000a5a00000, 0x00000000a5b00000, 0x00000000a5b00000|100%| E|CS|TAMS 0x00000000a5a00000, 0x00000000a5a00000| Complete 
|  71|0x00000000a5b00000, 0x00000000a5c00000, 0x00000000a5c00000|100%| E|CS|TAMS 0x00000000a5b00000, 0x00000000a5b00000| Complete 
|  72|0x00000000a5c00000, 0x00000000a5d00000, 0x00000000a5d00000|100%| E|CS|TAMS 0x00000000a5c00000, 0x00000000a5c00000| Complete 
|  73|0x00000000a5d00000, 0x00000000a5e00000, 0x00000000a5e00000|100%| E|CS|TAMS 0x00000000a5d00000, 0x00000000a5d00000| Complete 
|  74|0x00000000a5e00000, 0x00000000a5f00000, 0x00000000a5f00000|100%| E|CS|TAMS 0x00000000a5e00000, 0x00000000a5e00000| Complete 
|  75|0x00000000a5f00000, 0x00000000a6000000, 0x00000000a6000000|100%| E|CS|TAMS 0x00000000a5f00000, 0x00000000a5f00000| Complete 
|  76|0x00000000a6000000, 0x00000000a6100000, 0x00000000a6100000|100%| E|CS|TAMS 0x00000000a6000000, 0x00000000a6000000| Complete 
|  77|0x00000000a6100000, 0x00000000a6200000, 0x00000000a6200000|100%| E|CS|TAMS 0x00000000a6100000, 0x00000000a6100000| Complete 
|  78|0x00000000a6200000, 0x00000000a6300000, 0x00000000a6300000|100%| E|CS|TAMS 0x00000000a6200000, 0x00000000a6200000| Complete 
|  79|0x00000000a6300000, 0x00000000a6400000, 0x00000000a6400000|100%| E|CS|TAMS 0x00000000a6300000, 0x00000000a6300000| Complete 
|  80|0x00000000a6400000, 0x00000000a6500000, 0x00000000a6500000|100%| E|CS|TAMS 0x00000000a6400000, 0x00000000a6400000| Complete 
|  81|0x00000000a6500000, 0x00000000a6600000, 0x00000000a6600000|100%| E|CS|TAMS 0x00000000a6500000, 0x00000000a6500000| Complete 
|  82|0x00000000a6600000, 0x00000000a6700000, 0x00000000a6700000|100%| E|CS|TAMS 0x00000000a6600000, 0x00000000a6600000| Complete 
|  83|0x00000000a6700000, 0x00000000a6800000, 0x00000000a6800000|100%| E|CS|TAMS 0x00000000a6700000, 0x00000000a6700000| Complete 
|  84|0x00000000a6800000, 0x00000000a6900000, 0x00000000a6900000|100%| E|CS|TAMS 0x00000000a6800000, 0x00000000a6800000| Complete 
|  85|0x00000000a6900000, 0x00000000a6a00000, 0x00000000a6a00000|100%| E|CS|TAMS 0x00000000a6900000, 0x00000000a6900000| Complete 
|  86|0x00000000a6a00000, 0x00000000a6b00000, 0x00000000a6b00000|100%| E|CS|TAMS 0x00000000a6a00000, 0x00000000a6a00000| Complete 
|  87|0x00000000a6b00000, 0x00000000a6c00000, 0x00000000a6c00000|100%| E|CS|TAMS 0x00000000a6b00000, 0x00000000a6b00000| Complete 
|  88|0x00000000a6c00000, 0x00000000a6d00000, 0x00000000a6d00000|100%| E|CS|TAMS 0x00000000a6c00000, 0x00000000a6c00000| Complete 
|  89|0x00000000a6d00000, 0x00000000a6e00000, 0x00000000a6e00000|100%| E|CS|TAMS 0x00000000a6d00000, 0x00000000a6d00000| Complete 
|  90|0x00000000a6e00000, 0x00000000a6f00000, 0x00000000a6f00000|100%| E|CS|TAMS 0x00000000a6e00000, 0x00000000a6e00000| Complete 
|  91|0x00000000a6f00000, 0x00000000a7000000, 0x00000000a7000000|100%| E|CS|TAMS 0x00000000a6f00000, 0x00000000a6f00000| Complete 
|  92|0x00000000a7000000, 0x00000000a7100000, 0x00000000a7100000|100%| E|CS|TAMS 0x00000000a7000000, 0x00000000a7000000| Complete 
|  93|0x00000000a7100000, 0x00000000a7200000, 0x00000000a7200000|100%| E|CS|TAMS 0x00000000a7100000, 0x00000000a7100000| Complete 
|  94|0x00000000a7200000, 0x00000000a7300000, 0x00000000a7300000|100%| E|CS|TAMS 0x00000000a7200000, 0x00000000a7200000| Complete 
|  95|0x00000000a7300000, 0x00000000a7400000, 0x00000000a7400000|100%| E|CS|TAMS 0x00000000a7300000, 0x00000000a7300000| Complete 
|  96|0x00000000a7400000, 0x00000000a7500000, 0x00000000a7500000|100%| E|CS|TAMS 0x00000000a7400000, 0x00000000a7400000| Complete 
|  97|0x00000000a7500000, 0x00000000a7600000, 0x00000000a7600000|100%| E|CS|TAMS 0x00000000a7500000, 0x00000000a7500000| Complete 
|  98|0x00000000a7600000, 0x00000000a7700000, 0x00000000a7700000|100%| E|CS|TAMS 0x00000000a7600000, 0x00000000a7600000| Complete 
|  99|0x00000000a7700000, 0x00000000a7800000, 0x00000000a7800000|100%| E|CS|TAMS 0x00000000a7700000, 0x00000000a7700000| Complete 
| 100|0x00000000a7800000, 0x00000000a7900000, 0x00000000a7900000|100%| E|CS|TAMS 0x00000000a7800000, 0x00000000a7800000| Complete 
| 101|0x00000000a7900000, 0x00000000a7a00000, 0x00000000a7a00000|100%| E|CS|TAMS 0x00000000a7900000, 0x00000000a7900000| Complete 
| 102|0x00000000a7a00000, 0x00000000a7b00000, 0x00000000a7b00000|100%| E|CS|TAMS 0x00000000a7a00000, 0x00000000a7a00000| Complete 
| 103|0x00000000a7b00000, 0x00000000a7c00000, 0x00000000a7c00000|100%| E|CS|TAMS 0x00000000a7b00000, 0x00000000a7b00000| Complete 
| 104|0x00000000a7c00000, 0x00000000a7d00000, 0x00000000a7d00000|100%| E|CS|TAMS 0x00000000a7c00000, 0x00000000a7c00000| Complete 
| 105|0x00000000a7d00000, 0x00000000a7e00000, 0x00000000a7e00000|100%| E|CS|TAMS 0x00000000a7d00000, 0x00000000a7d00000| Complete 
| 106|0x00000000a7e00000, 0x00000000a7f00000, 0x00000000a7f00000|100%| E|CS|TAMS 0x00000000a7e00000, 0x00000000a7e00000| Complete 
| 107|0x00000000a7f00000, 0x00000000a8000000, 0x00000000a8000000|100%| E|CS|TAMS 0x00000000a7f00000, 0x00000000a7f00000| Complete 
| 108|0x00000000a8000000, 0x00000000a8100000, 0x00000000a8100000|100%| E|CS|TAMS 0x00000000a8000000, 0x00000000a8000000| Complete 
| 109|0x00000000a8100000, 0x00000000a8200000, 0x00000000a8200000|100%| E|CS|TAMS 0x00000000a8100000, 0x00000000a8100000| Complete 
| 110|0x00000000a8200000, 0x00000000a8300000, 0x00000000a8300000|100%| E|CS|TAMS 0x00000000a8200000, 0x00000000a8200000| Complete 
| 111|0x00000000a8300000, 0x00000000a8400000, 0x00000000a8400000|100%| E|CS|TAMS 0x00000000a8300000, 0x00000000a8300000| Complete 
| 112|0x00000000a8400000, 0x00000000a8500000, 0x00000000a8500000|100%| E|CS|TAMS 0x00000000a8400000, 0x00000000a8400000| Complete 
| 113|0x00000000a8500000, 0x00000000a8600000, 0x00000000a8600000|100%| E|CS|TAMS 0x00000000a8500000, 0x00000000a8500000| Complete 
| 114|0x00000000a8600000, 0x00000000a8700000, 0x00000000a8700000|100%| E|CS|TAMS 0x00000000a8600000, 0x00000000a8600000| Complete 
| 115|0x00000000a8700000, 0x00000000a8800000, 0x00000000a8800000|100%| E|CS|TAMS 0x00000000a8700000, 0x00000000a8700000| Complete 

Card table byte_map: [0x0000024520f80000,0x0000024521280000] _byte_map_base: 0x0000024520a76000

Marking Bits (Prev, Next): (CMBitMap*) 0x000002450dd83a50, (CMBitMap*) 0x000002450dd83a18
 Prev Bits: [0x0000024522d30000, 0x00000245244e0000)
 Next Bits: [0x0000024521580000, 0x0000024522d30000)

Polling page: 0x000002450baf0000

Metaspace:

Usage:
  Non-class:     27.02 MB capacity,    26.49 MB ( 98%) used,   445.30 KB (  2%) free+waste,    98.25 KB ( <1%) overhead. 
      Class:      3.99 MB capacity,     3.66 MB ( 92%) used,   294.20 KB (  7%) free+waste,    48.38 KB (  1%) overhead. 
       Both:     31.01 MB capacity,    30.14 MB ( 97%) used,   739.49 KB (  2%) free+waste,   146.63 KB ( <1%) overhead. 

Virtual space:
  Non-class space:       28.00 MB reserved,      27.25 MB ( 97%) committed 
      Class space:        1.00 GB reserved,       4.00 MB ( <1%) committed 
             Both:        1.03 GB reserved,      31.25 MB (  3%) committed 

Chunk freelists:
   Non-Class:  46.00 KB
       Class:  10.00 KB
        Both:  56.00 KB

MaxMetaspaceSize: 17179869184.00 GB
CompressedClassSpaceSize: 1.00 GB

CodeHeap 'non-profiled nmethods': size=120000Kb used=1245Kb max_used=1245Kb free=118754Kb
 bounds [0x0000024519420000, 0x0000024519690000, 0x0000024520950000]
CodeHeap 'profiled nmethods': size=120000Kb used=5263Kb max_used=5263Kb free=114737Kb
 bounds [0x0000024511ef0000, 0x0000024512420000, 0x0000024519420000]
CodeHeap 'non-nmethods': size=5760Kb used=1142Kb max_used=1154Kb free=4618Kb
 bounds [0x0000024511950000, 0x0000024511bc0000, 0x0000024511ef0000]
 total_blobs=3304 nmethods=2827 adapters=388
 compilation: enabled
              stopped_count=0, restarted_count=0
 full_count=0

Compilation events (20 events):
Event: 6.087 Thread 0x0000024526f36800 2996       3       com.google.gson.internal.bind.ReflectiveTypeAdapterFactory$1::read (30 bytes)
Event: 6.087 Thread 0x0000024526f36800 nmethod 2996 0x0000024512405990 code [0x0000024512405ba0, 0x0000024512406008]
Event: 6.088 Thread 0x0000024526f36800 3000       3       com.google.gson.internal.bind.JsonTreeReader::hasNext (25 bytes)
Event: 6.088 Thread 0x0000024526f36800 nmethod 3000 0x0000024512406190 code [0x0000024512406360, 0x0000024512406548]
Event: 6.088 Thread 0x0000024526f36800 3001       3       com.google.gson.internal.bind.JsonTreeReader::popStack (29 bytes)
Event: 6.088 Thread 0x0000024526f36800 nmethod 3001 0x0000024512406610 code [0x00000245124067e0, 0x0000024512406a98]
Event: 6.088 Thread 0x0000024526f36800 3002       3       com.google.gson.internal.bind.JsonTreeReader::push (76 bytes)
Event: 6.089 Thread 0x0000024526f36800 nmethod 3002 0x0000024512406b90 code [0x0000024512406dc0, 0x00000245124076c8]
Event: 6.089 Thread 0x0000024526f36800 3005       3       com.google.gson.internal.LinkedTreeMap$EntrySet$1::next (5 bytes)
Event: 6.089 Thread 0x0000024526f36800 nmethod 3005 0x0000024512407a10 code [0x0000024512407be0, 0x0000024512407d68]
Event: 6.089 Thread 0x0000024526f36800 3006       3       com.google.gson.internal.LinkedTreeMap$EntrySet$1::next (5 bytes)
Event: 6.089 Thread 0x0000024526f36800 nmethod 3006 0x0000024512407e10 code [0x0000024512407fc0, 0x00000245124080e8]
Event: 6.089 Thread 0x0000024526f36800 3007       3       com.google.gson.internal.LinkedTreeMap$LinkedTreeMapIterator::nextNode (61 bytes)
Event: 6.089 Thread 0x0000024526f36800 nmethod 3007 0x0000024512408190 code [0x0000024512408380, 0x0000024512408758]
Event: 6.090 Thread 0x0000024526f36800 3004       3       com.google.gson.internal.bind.JsonTreeReader::nextName (59 bytes)
Event: 6.090 Thread 0x0000024526f36800 nmethod 3004 0x0000024512408910 code [0x0000024512408b60, 0x0000024512409448]
Event: 6.090 Thread 0x0000024526f36800 3003       3       jdk.internal.reflect.UnsafeObjectFieldAccessorImpl::set (56 bytes)
Event: 6.091 Thread 0x0000024526f36800 nmethod 3003 0x0000024512409710 code [0x0000024512409a20, 0x000002451240ad08]
Event: 6.091 Thread 0x0000024526f36800 3009       2       com.google.gson.JsonPrimitive::isNumber (8 bytes)
Event: 6.091 Thread 0x0000024526f36800 nmethod 3009 0x000002451240b310 code [0x000002451240b4c0, 0x000002451240b5f8]

GC Heap History (10 events):
Event: 1.202 GC heap before
{Heap before GC invocations=0 (full 0):
 garbage-first heap   total 98304K, used 23552K [0x00000000a1400000, 0x0000000100000000)
  region size 1024K, 24 young (24576K), 0 survivors (0K)
 Metaspace       used 9202K, capacity 9353K, committed 9600K, reserved 1058816K
  class space    used 807K, capacity 840K, committed 896K, reserved 1048576K
}
Event: 1.213 GC heap after
{Heap after GC invocations=1 (full 0):
 garbage-first heap   total 98304K, used 4261K [0x00000000a1400000, 0x0000000100000000)
  region size 1024K, 3 young (3072K), 3 survivors (3072K)
 Metaspace       used 9202K, capacity 9353K, committed 9600K, reserved 1058816K
  class space    used 807K, capacity 840K, committed 896K, reserved 1048576K
}
Event: 2.220 GC heap before
{Heap before GC invocations=1 (full 0):
 garbage-first heap   total 98304K, used 59557K [0x00000000a1400000, 0x0000000100000000)
  region size 1024K, 57 young (58368K), 3 survivors (3072K)
 Metaspace       used 14833K, capacity 15192K, committed 15232K, reserved 1062912K
  class space    used 1528K, capacity 1643K, committed 1664K, reserved 1048576K
}
Event: 2.235 GC heap after
{Heap after GC invocations=2 (full 0):
 garbage-first heap   total 98304K, used 6137K [0x00000000a1400000, 0x0000000100000000)
  region size 1024K, 5 young (5120K), 5 survivors (5120K)
 Metaspace       used 14833K, capacity 15192K, committed 15232K, reserved 1062912K
  class space    used 1528K, capacity 1643K, committed 1664K, reserved 1048576K
}
Event: 3.287 GC heap before
{Heap before GC invocations=2 (full 0):
 garbage-first heap   total 98304K, used 59385K [0x00000000a1400000, 0x0000000100000000)
  region size 1024K, 57 young (58368K), 5 survivors (5120K)
 Metaspace       used 20216K, capacity 20739K, committed 20864K, reserved 1067008K
  class space    used 2244K, capacity 2393K, committed 2432K, reserved 1048576K
}
Event: 3.298 GC heap after
{Heap after GC invocations=3 (full 0):
 garbage-first heap   total 98304K, used 7558K [0x00000000a1400000, 0x0000000100000000)
  region size 1024K, 4 young (4096K), 4 survivors (4096K)
 Metaspace       used 20216K, capacity 20739K, committed 20864K, reserved 1067008K
  class space    used 2244K, capacity 2393K, committed 2432K, reserved 1048576K
}
Event: 3.357 GC heap before
{Heap before GC invocations=3 (full 0):
 garbage-first heap   total 98304K, used 12678K [0x00000000a1400000, 0x0000000100000000)
  region size 1024K, 10 young (10240K), 4 survivors (4096K)
 Metaspace       used 20643K, capacity 21138K, committed 21248K, reserved 1069056K
  class space    used 2281K, capacity 2462K, committed 2560K, reserved 1048576K
}
Event: 3.365 GC heap after
{Heap after GC invocations=4 (full 0):
 garbage-first heap   total 98304K, used 7595K [0x00000000a1400000, 0x0000000100000000)
  region size 1024K, 4 young (4096K), 4 survivors (4096K)
 Metaspace       used 20643K, capacity 21138K, committed 21248K, reserved 1069056K
  class space    used 2281K, capacity 2462K, committed 2560K, reserved 1048576K
}
Event: 5.222 GC heap before
{Heap before GC invocations=5 (full 0):
 garbage-first heap   total 98304K, used 61867K [0x00000000a1400000, 0x0000000100000000)
  region size 1024K, 57 young (58368K), 4 survivors (4096K)
 Metaspace       used 26760K, capacity 27494K, committed 27776K, reserved 1073152K
  class space    used 3099K, capacity 3341K, committed 3456K, reserved 1048576K
}
Event: 5.237 GC heap after
{Heap after GC invocations=6 (full 0):
 garbage-first heap   total 118784K, used 9210K [0x00000000a1400000, 0x0000000100000000)
  region size 1024K, 5 young (5120K), 5 survivors (5120K)
 Metaspace       used 26760K, capacity 27494K, committed 27776K, reserved 1073152K
  class space    used 3099K, capacity 3341K, committed 3456K, reserved 1048576K
}

Deoptimization events (20 events):
Event: 5.917 Thread 0x0000024528277800 DEOPT PACKING pc=0x00000245121ebe91 sp=0x000000d4e52fec40
Event: 5.917 Thread 0x0000024528277800 DEOPT UNPACKING pc=0x00000245119772ce sp=0x000000d4e52fe120 mode 0
Event: 5.917 Thread 0x0000024528277800 Uncommon trap: trap_request=0xffffff4d fr.pc=0x000002451950714c relative=0x0000000000000b2c
Event: 5.917 Thread 0x0000024528277800 Uncommon trap: reason=unstable_if action=reinterpret pc=0x000002451950714c method=java.util.Properties$LineReader.readLine()I @ 379 c2
Event: 5.917 Thread 0x0000024528277800 DEOPT PACKING pc=0x000002451950714c sp=0x000000d4e52fec80
Event: 5.917 Thread 0x0000024528277800 DEOPT UNPACKING pc=0x00000245119774af sp=0x000000d4e52fec20 mode 2
Event: 5.920 Thread 0x0000024528f47800 DEOPT PACKING pc=0x0000024512129816 sp=0x000000d4e51fec70
Event: 5.921 Thread 0x0000024528f47800 DEOPT UNPACKING pc=0x00000245119772ce sp=0x000000d4e51fe1b0 mode 0
Event: 5.962 Thread 0x0000024528e33800 Uncommon trap: trap_request=0xffffff4d fr.pc=0x0000024519508de0 relative=0x00000000000003a0
Event: 5.963 Thread 0x0000024528e33800 Uncommon trap: reason=unstable_if action=reinterpret pc=0x0000024519508de0 method=java.lang.StringUTF16.compress([CII)[B @ 13 c2
Event: 5.963 Thread 0x0000024528e33800 DEOPT PACKING pc=0x0000024519508de0 sp=0x000000d4e4bfdba0
Event: 5.963 Thread 0x0000024528e33800 DEOPT UNPACKING pc=0x00000245119774af sp=0x000000d4e4bfdae0 mode 2
Event: 5.963 Thread 0x0000024528e33800 Uncommon trap: trap_request=0xffffff4d fr.pc=0x000002451945c0ec relative=0x00000000000000cc
Event: 5.963 Thread 0x0000024528e33800 Uncommon trap: reason=unstable_if action=reinterpret pc=0x000002451945c0ec method=java.lang.String.getBytes([BIB)V @ 5 c2
Event: 5.963 Thread 0x0000024528e33800 DEOPT PACKING pc=0x000002451945c0ec sp=0x000000d4e4bfdea0
Event: 5.963 Thread 0x0000024528e33800 DEOPT UNPACKING pc=0x00000245119774af sp=0x000000d4e4bfde48 mode 2
Event: 5.963 Thread 0x0000024528e33800 Uncommon trap: trap_request=0xffffff4d fr.pc=0x000002451947d7b8 relative=0x00000000000003f8
Event: 5.963 Thread 0x0000024528e33800 Uncommon trap: reason=unstable_if action=reinterpret pc=0x000002451947d7b8 method=java.lang.AbstractStringBuilder.isLatin1()Z @ 10 c2
Event: 5.963 Thread 0x0000024528e33800 DEOPT PACKING pc=0x000002451947d7b8 sp=0x000000d4e4bfdf60
Event: 5.963 Thread 0x0000024528e33800 DEOPT UNPACKING pc=0x00000245119774af sp=0x000000d4e4bfdee0 mode 2

Classes redefined (0 events):
No events

Internal exceptions (20 events):
Event: 4.778 Thread 0x000002450dd4e000 Exception <a 'java/lang/NoSuchMethodError'{0x00000000a49a3190}: 'java.lang.Object java.lang.invoke.Invokers$Holder.linkToTargetMethod(java.lang.Object, java.lang.Object, int, java.lang.Object, java.lang.Object)'> (0x00000000a49a3190) thrown at [./src/hotspot/share/interpreter/linkResolver.cpp, line 773]
Event: 4.785 Thread 0x000002450dd4e000 Exception <a 'java/lang/NoSuchMethodError'{0x00000000a49b8680}: 'void java.lang.invoke.DirectMethodHandle$Holder.invokeSpecialIFC(java.lang.Object, java.lang.Object, java.lang.Object)'> (0x00000000a49b8680) thrown at [./src/hotspot/share/interpreter/linkResolver.cpp, line 773]
Event: 4.983 Thread 0x000002450dd4e000 Exception <a 'java/lang/NoSuchMethodError'{0x00000000a42cc070}: 'void java.lang.invoke.DirectMethodHandle$Holder.invokeVirtual(java.lang.Object, java.lang.Object)'> (0x00000000a42cc070) thrown at [./src/hotspot/share/interpreter/linkResolver.cpp, line 773]
Event: 5.183 Thread 0x000002450dd4e000 Exception <a 'java/lang/IncompatibleClassChangeError'{0x00000000a3cef1d0}: Found class java.lang.Object, but interface was expected> (0x00000000a3cef1d0) thrown at [./src/hotspot/share/interpreter/linkResolver.cpp, line 839]
Event: 5.273 Thread 0x000002450dd4e000 Implicit null exception at 0x000002451945e075 to 0x000002451945e254
Event: 5.287 Thread 0x000002450dd4e000 Exception <a 'java/lang/NoSuchMethodError'{0x00000000a86136c0}: 'int java.lang.invoke.DirectMethodHandle$Holder.invokeSpecial(java.lang.Object, java.lang.Object, java.lang.Object, java.lang.Object, java.lang.Object)'> (0x00000000a86136c0) thrown at [./src/hotspot/share/interpreter/linkResolver.cpp, line 773]
Event: 5.712 Thread 0x0000024528c2d800 Exception <a 'java/lang/NullPointerException'{0x00000000a6d0b388}> (0x00000000a6d0b388) thrown at [./src/hotspot/share/interpreter/linkResolver.cpp, line 1358]
Event: 5.766 Thread 0x0000024528e33800 Implicit null exception at 0x000002451946da77 to 0x000002451946dfec
Event: 5.766 Thread 0x0000024528e33800 Implicit null exception at 0x000002451945c474 to 0x000002451945ca24
Event: 5.871 Thread 0x0000024528c2e800 Exception <a 'java/lang/NoSuchMethodError'{0x00000000a6365288}: 'java.lang.Object java.lang.invoke.DirectMethodHandle$Holder.invokeInterface(java.lang.Object, java.lang.Object, java.lang.Object)'> (0x00000000a6365288) thrown at [./src/hotspot/share/interpreter/linkResolver.cpp, line 773]
Event: 5.884 Thread 0x0000024528bea800 Exception <a 'java/lang/NoSuchMethodError'{0x00000000a619cde0}: 'java.lang.Object java.lang.invoke.DirectMethodHandle$Holder.invokeStaticInit(java.lang.Object, java.lang.Object, long, java.lang.Object)'> (0x00000000a619cde0) thrown at [./src/hotspot/share/interpreter/linkResolver.cpp, line 773]
Event: 5.885 Thread 0x0000024528bea800 Exception <a 'java/lang/NoSuchMethodError'{0x00000000a61a8ba8}: 'java.lang.Object java.lang.invoke.Invokers$Holder.linkToTargetMethod(java.lang.Object, long, java.lang.Object)'> (0x00000000a61a8ba8) thrown at [./src/hotspot/share/interpreter/linkResolver.cpp, line 773]
Event: 5.898 Thread 0x0000024528277800 Exception <a 'java/lang/NoSuchMethodError'{0x00000000a5f23c40}: 'java.lang.Object java.lang.invoke.DirectMethodHandle$Holder.invokeStatic(java.lang.Object, java.lang.Object, java.lang.Object, java.lang.Object, java.lang.Object, java.lang.Object, java.lang.Object, java.lang.Object, java.lang.Object, java.lang.Object, java.lang.Object, int)'> (0x00000000a5f23c40) thrown at [./src/hotspot/share/interpreter/linkResolver.cpp, line 773]
Event: 5.901 Thread 0x0000024528277800 Exception <a 'java/lang/NoSuchMethodError'{0x00000000a5f41e48}: 'java.lang.Object java.lang.invoke.DirectMethodHandle$Holder.invokeStatic(java.lang.Object, java.lang.Object, java.lang.Object, java.lang.Object, java.lang.Object, java.lang.Object, java.lang.Object, java.lang.Object, java.lang.Object, java.lang.Object, java.lang.Object, int, int)'> (0x00000000a5f41e48) thrown at [./src/hotspot/share/interpreter/linkResolver.cpp, line 773]
Event: 5.905 Thread 0x0000024528f47800 Exception <a 'java/lang/NoSuchMethodError'{0x00000000a60b3c28}: 'java.lang.Object java.lang.invoke.DirectMethodHandle$Holder.invokeStatic(java.lang.Object, java.lang.Object, java.lang.Object, java.lang.Object, java.lang.Object, java.lang.Object, java.lang.Object, java.lang.Object, java.lang.Object, java.lang.Object, java.lang.Object, int, int, java.lang.Object)'> (0x00000000a60b3c28) thrown at [./src/hotspot/share/interpreter/linkResolver.cpp, line 773]
Event: 5.907 Thread 0x0000024527c7a800 Exception <a 'java/lang/NoSuchMethodError'{0x00000000a5f99d10}: 'java.lang.Object java.lang.invoke.Invokers$Holder.linkToTargetMethod(java.lang.Object, int, java.lang.Object)'> (0x00000000a5f99d10) thrown at [./src/hotspot/share/interpreter/linkResolver.cpp, line 773]
Event: 5.907 Thread 0x0000024528277800 Exception <a 'java/lang/NoSuchMethodError'{0x00000000a5f52748}: 'java.lang.Object java.lang.invoke.Invokers$Holder.linkToTargetMethod(java.lang.Object, int, java.lang.Object)'> (0x00000000a5f52748) thrown at [./src/hotspot/share/interpreter/linkResolver.cpp, line 773]
Event: 5.907 Thread 0x0000024528f47800 Exception <a 'java/lang/NoSuchMethodError'{0x00000000a60bf648}: 'java.lang.Object java.lang.invoke.Invokers$Holder.linkToTargetMethod(java.lang.Object, int, java.lang.Object)'> (0x00000000a60bf648) thrown at [./src/hotspot/share/interpreter/linkResolver.cpp, line 773]
Event: 5.955 Thread 0x0000024528e33800 Exception <a 'java/lang/NoSuchMethodError'{0x00000000a5b85708}: 'int java.lang.invoke.DirectMethodHandle$Holder.invokeStaticInit(java.lang.Object)'> (0x00000000a5b85708) thrown at [./src/hotspot/share/interpreter/linkResolver.cpp, line 773]
Event: 6.029 Thread 0x0000024528e33800 Exception <a 'java/lang/NoSuchMethodError'{0x00000000a5838a70}: 'java.lang.Object java.lang.invoke.DirectMethodHandle$Holder.invokeStatic(java.lang.Object, java.lang.Object, java.lang.Object, java.lang.Object, java.lang.Object, int, java.lang.Object)'> (0x00000000a5838a70) thrown at [./src/hotspot/share/interpreter/linkResolver.cpp, line 773]

Events (20 events):
Event: 6.067 loading class com/google/gson/internal/ConstructorConstructor$14
Event: 6.067 loading class com/google/gson/internal/ConstructorConstructor$14 done
Event: 6.070 loading class com/google/gson/internal/UnsafeAllocator
Event: 6.070 loading class com/google/gson/internal/UnsafeAllocator done
Event: 6.072 loading class com/google/gson/internal/UnsafeAllocator$1
Event: 6.072 loading class com/google/gson/internal/UnsafeAllocator$1 done
Event: 6.073 loading class com/google/gson/internal/UnsafeAllocator$2
Event: 6.073 loading class com/google/gson/internal/UnsafeAllocator$2 done
Event: 6.073 loading class com/google/gson/internal/UnsafeAllocator$3
Event: 6.073 loading class com/google/gson/internal/UnsafeAllocator$3 done
Event: 6.074 loading class com/google/gson/internal/UnsafeAllocator$4
Event: 6.074 loading class com/google/gson/internal/UnsafeAllocator$4 done
Event: 6.077 loading class com/google/gson/internal/ConstructorConstructor$8
Event: 6.077 loading class com/google/gson/internal/ConstructorConstructor$8 done
Event: 6.078 loading class com/google/gson/internal/LinkedTreeMap$EntrySet
Event: 6.078 loading class com/google/gson/internal/LinkedTreeMap$EntrySet done
Event: 6.081 loading class com/google/gson/internal/LinkedTreeMap$EntrySet$1
Event: 6.081 loading class com/google/gson/internal/LinkedTreeMap$EntrySet$1 done
Event: 6.082 loading class com/google/gson/internal/LinkedTreeMap$LinkedTreeMapIterator
Event: 6.082 loading class com/google/gson/internal/LinkedTreeMap$LinkedTreeMapIterator done


Dynamic libraries:
0x00007ff653800000 - 0x00007ff65380a000 	C:\Program Files\JetBrains\IntelliJ IDEA 2020.3\jbr\bin\java.exe
0x00007ff941de0000 - 0x00007ff941fd0000 	C:\windows\SYSTEM32\ntdll.dll
0x00007ff941c30000 - 0x00007ff941ce2000 	C:\windows\System32\KERNEL32.DLL
0x00007ff93ed90000 - 0x00007ff93f035000 	C:\windows\System32\KERNELBASE.dll
0x00007ff93f040000 - 0x00007ff93f13a000 	C:\windows\System32\ucrtbase.dll
0x00007ff93b090000 - 0x00007ff93b0a7000 	C:\Program Files\JetBrains\IntelliJ IDEA 2020.3\jbr\bin\VCRUNTIME140.dll
0x00007ff939190000 - 0x00007ff9391a9000 	C:\Program Files\JetBrains\IntelliJ IDEA 2020.3\jbr\bin\jli.dll
0x00007ff941970000 - 0x00007ff941b04000 	C:\windows\System32\USER32.dll
0x00007ff928550000 - 0x00007ff9287d4000 	C:\windows\WinSxS\amd64_microsoft.windows.common-controls_6595b64144ccf1df_6.0.18362.1316_none_9e7a364fe461dbd7\COMCTL32.dll
0x00007ff93f1e0000 - 0x00007ff93f201000 	C:\windows\System32\win32u.dll
0x00007ff93fea0000 - 0x00007ff93ff3e000 	C:\windows\System32\msvcrt.dll
0x00007ff941be0000 - 0x00007ff941c06000 	C:\windows\System32\GDI32.dll
0x00007ff941280000 - 0x00007ff9415b7000 	C:\windows\System32\combase.dll
0x00007ff93fcd0000 - 0x00007ff93fe68000 	C:\windows\System32\gdi32full.dll
0x00007ff93f140000 - 0x00007ff93f1de000 	C:\windows\System32\msvcp_win.dll
0x00007ff941160000 - 0x00007ff94127f000 	C:\windows\System32\RPCRT4.dll
0x00007ff93f210000 - 0x00007ff93f291000 	C:\windows\System32\bcryptPrimitives.dll
0x00007ff940e00000 - 0x00007ff940e2e000 	C:\windows\System32\IMM32.DLL
0x00007ff9003b0000 - 0x00007ff90044d000 	C:\Program Files\JetBrains\IntelliJ IDEA 2020.3\jbr\bin\msvcp140.dll
0x00007ff8d65a0000 - 0x00007ff8d706e000 	C:\Program Files\JetBrains\IntelliJ IDEA 2020.3\jbr\bin\server\jvm.dll
0x00007ff9415c0000 - 0x00007ff941663000 	C:\windows\System32\ADVAPI32.dll
0x00007ff941d00000 - 0x00007ff941d97000 	C:\windows\System32\sechost.dll
0x00007ff93fe90000 - 0x00007ff93fe98000 	C:\windows\System32\PSAPI.DLL
0x00007ff938d10000 - 0x00007ff938d19000 	C:\windows\SYSTEM32\WSOCK32.dll
0x00007ff935ac0000 - 0x00007ff935aca000 	C:\windows\SYSTEM32\VERSION.dll
0x00007ff9410e0000 - 0x00007ff94114f000 	C:\windows\System32\WS2_32.dll
0x00007ff93b3e0000 - 0x00007ff93b404000 	C:\windows\SYSTEM32\WINMM.dll
0x00007ff93b3b0000 - 0x00007ff93b3dd000 	C:\windows\SYSTEM32\winmmbase.dll
0x00007ff93fa20000 - 0x00007ff93fa6a000 	C:\windows\System32\cfgmgr32.dll
0x00007ff93eca0000 - 0x00007ff93ecb1000 	C:\windows\System32\kernel.appcore.dll
0x00007ff938d30000 - 0x00007ff938d41000 	C:\Program Files\JetBrains\IntelliJ IDEA 2020.3\jbr\bin\verify.dll
0x00007ff93d650000 - 0x00007ff93d844000 	C:\windows\SYSTEM32\DBGHELP.DLL
0x00007ff928410000 - 0x00007ff92843a000 	C:\windows\SYSTEM32\dbgcore.DLL
0x00007ff92ba70000 - 0x00007ff92ba99000 	C:\Program Files\JetBrains\IntelliJ IDEA 2020.3\jbr\bin\java.dll
0x00007ff939f20000 - 0x00007ff939f2b000 	C:\Program Files\JetBrains\IntelliJ IDEA 2020.3\jbr\bin\jimage.dll
0x00007ff938bb0000 - 0x00007ff938bc8000 	C:\Program Files\JetBrains\IntelliJ IDEA 2020.3\jbr\bin\zip.dll
0x00007ff93ff40000 - 0x00007ff940628000 	C:\windows\System32\SHELL32.dll
0x00007ff941030000 - 0x00007ff9410d7000 	C:\windows\System32\shcore.dll
0x00007ff93f2a0000 - 0x00007ff93fa1b000 	C:\windows\System32\windows.storage.dll
0x00007ff93ed30000 - 0x00007ff93ed53000 	C:\windows\System32\profapi.dll
0x00007ff93ecc0000 - 0x00007ff93ed0a000 	C:\windows\System32\powrprof.dll
0x00007ff93ec90000 - 0x00007ff93eca0000 	C:\windows\System32\UMPDC.dll
0x00007ff940fd0000 - 0x00007ff941022000 	C:\windows\System32\shlwapi.dll
0x00007ff93fe70000 - 0x00007ff93fe87000 	C:\windows\System32\cryptsp.dll
0x00007ff92b930000 - 0x00007ff92b94a000 	C:\Program Files\JetBrains\IntelliJ IDEA 2020.3\jbr\bin\net.dll
0x00007ff938db0000 - 0x00007ff938ea0000 	C:\windows\SYSTEM32\WINHTTP.dll
0x00007ff93e4d0000 - 0x00007ff93e537000 	C:\windows\system32\mswsock.dll
0x00007ff92b910000 - 0x00007ff92b924000 	C:\Program Files\JetBrains\IntelliJ IDEA 2020.3\jbr\bin\nio.dll
0x00007ff92ba60000 - 0x00007ff92ba6a000 	C:\Program Files\JetBrains\IntelliJ IDEA 2020.3\jbr\bin\management.dll
0x00007ff915f30000 - 0x00007ff915f3c000 	C:\Program Files\JetBrains\IntelliJ IDEA 2020.3\jbr\bin\management_ext.dll
0x00007ff9134c0000 - 0x00007ff9134d6000 	C:\windows\system32\napinsp.dll
0x00007ff9134a0000 - 0x00007ff9134ba000 	C:\windows\system32\pnrpnsp.dll
0x00007ff93e220000 - 0x00007ff93e2eb000 	C:\windows\SYSTEM32\DNSAPI.dll
0x00007ff941cf0000 - 0x00007ff941cf8000 	C:\windows\System32\NSI.dll
0x00007ff93e1e0000 - 0x00007ff93e21a000 	C:\windows\SYSTEM32\IPHLPAPI.DLL
0x00007ff913490000 - 0x00007ff91349e000 	C:\windows\System32\winrnr.dll
0x00007ff93aed0000 - 0x00007ff93aeec000 	C:\windows\system32\NLAapi.dll
0x00007ff93a360000 - 0x00007ff93a375000 	C:\windows\system32\wshbth.dll
0x00007ff937600000 - 0x00007ff93760a000 	C:\Windows\System32\rasadhlp.dll
0x00007ff93cbd0000 - 0x00007ff93cc47000 	C:\windows\System32\fwpuclnt.dll
0x00007ff93ed60000 - 0x00007ff93ed86000 	C:\windows\System32\bcrypt.dll
0x00007ff93e050000 - 0x00007ff93e083000 	C:\windows\system32\rsaenh.dll
0x00007ff93ebb0000 - 0x00007ff93ebd5000 	C:\windows\SYSTEM32\USERENV.dll
0x00007ff93e6a0000 - 0x00007ff93e6ac000 	C:\windows\SYSTEM32\CRYPTBASE.dll
0x00007ff93d580000 - 0x00007ff93d596000 	C:\windows\SYSTEM32\dhcpcsvc6.DLL
0x00007ff93d560000 - 0x00007ff93d57c000 	C:\windows\SYSTEM32\dhcpcsvc.DLL
0x00007ff914c20000 - 0x00007ff914c2a000 	C:\Program Files\JetBrains\IntelliJ IDEA 2020.3\jbr\bin\attach.dll

dbghelp: loaded successfully - version: 4.0.5 - missing functions: none
symbol engine: initialized successfully - sym options: 0x614 - pdb path: .;C:\Program Files\JetBrains\IntelliJ IDEA 2020.3\jbr\bin;C:\windows\SYSTEM32;C:\windows\WinSxS\amd64_microsoft.windows.common-controls_6595b64144ccf1df_6.0.18362.1316_none_9e7a364fe461dbd7;C:\Program Files\JetBrains\IntelliJ IDEA 2020.3\jbr\bin\server

VM Arguments:
java_command: C:\Users\amins\AppData\Roaming\JetBrains\IntelliJIdea2020.3\plugins\idea-spring-tools\lib\server\language-server.jar
java_class_path (initial): C:\Users\amins\AppData\Roaming\JetBrains\IntelliJIdea2020.3\plugins\idea-spring-tools\lib\server\language-server.jar
Launcher Type: SUN_STANDARD

[Global flags]
     intx CICompilerCount                          = 4                                         {product} {ergonomic}
     uint ConcGCThreads                            = 2                                         {product} {ergonomic}
     uint G1ConcRefinementThreads                  = 8                                         {product} {ergonomic}
   size_t G1HeapRegionSize                         = 1048576                                   {product} {ergonomic}
    uintx GCDrainStackTargetSize                   = 64                                        {product} {ergonomic}
   size_t InitialHeapSize                          = 100663296                                 {product} {ergonomic}
   size_t MarkStackSize                            = 4194304                                   {product} {ergonomic}
   size_t MaxHeapSize                              = 1589641216                                {product} {ergonomic}
   size_t MaxNewSize                               = 953155584                                 {product} {ergonomic}
   size_t MinHeapDeltaBytes                        = 1048576                                   {product} {ergonomic}
    uintx NonNMethodCodeHeapSize                   = 5836300                                {pd product} {ergonomic}
    uintx NonProfiledCodeHeapSize                  = 122910970                              {pd product} {ergonomic}
    uintx ProfiledCodeHeapSize                     = 122910970                              {pd product} {ergonomic}
    uintx ReservedCodeCacheSize                    = 251658240                              {pd product} {ergonomic}
     bool SegmentedCodeCache                       = true                                      {product} {ergonomic}
     bool UseCompressedClassPointers               = true                                 {lp64_product} {ergonomic}
     bool UseCompressedOops                        = true                                 {lp64_product} {ergonomic}
     bool UseG1GC                                  = true                                      {product} {ergonomic}
     bool UseLargePagesIndividualAllocation        = false                                  {pd product} {ergonomic}

Logging:
Log output configuration:
 #0: stdout all=warning uptime,level,tags
 #1: stderr all=off uptime,level,tags

Environment Variables:
JAVA_HOME=C:\Program Files\jdk-14.0.1
PATH=C:\Program Files (x86)\Common Files\Oracle\Java\javapath;C:\windows\system32;C:\windows;C:\windows\System32\Wbem;C:\windows\System32\WindowsPowerShell\v1.0\;C:\windows\System32\OpenSSH\;C:\Program Files (x86)\NVIDIA Corporation\PhysX\Common;C:\Program Files\NVIDIA Corporation\NVIDIA NvDLISR;C:\Program Files\Git\cmd;C:\Program Files\nodejs\;C:\Program Files\MySQL\MySQL Shell 8.0\bin\;C:\Users\amins\AppData\Local\Microsoft\WindowsApps;C:\Users\amins\AppData\Local\Programs\Microsoft VS Code\bin;C:\Program Files\apache-maven-3.6.3\bin;C:\Users\amins\AppData\Roaming\npm
USERNAME=amins
OS=Windows_NT
PROCESSOR_IDENTIFIER=AMD64 Family 23 Model 24 Stepping 1, AuthenticAMD



---------------  S Y S T E M  ---------------

OS: Windows 10 , 64 bit Build 18362 (10.0.18362.1316)
OS uptime: 0 days 12:09 hours

CPU:total 8 (initial active 8) (8 cores per cpu, 2 threads per core) family 23 model 24 stepping 1, cmov, cx8, fxsr, mmx, sse, sse2, sse3, ssse3, sse4.1, sse4.2, popcnt, avx, avx2, aes, clmul, mmxext, 3dnowpref, lzcnt, sse4a, ht, tsc, tscinvbit, tscinv, bmi1, bmi2, adx, sha, fma

Memory: 4k page, system-wide physical 6061M (416M free)
TotalPageFile size 22061M (AvailPageFile size 4M)
current process WorkingSet (physical memory assigned to process): 190M, peak: 191M
current process commit charge ("private bytes"): 256M, peak: 257M

vm_info: OpenJDK 64-Bit Server VM (11.0.9+11-b1145.21) for windows-amd64 JRE (11.0.9+11-b1145.21), built on Nov 21 2020 14:37:09 by "" with MS VC++ 14.0 (VS2015)

END.
