#
# There is insufficient memory for the Java Runtime Environment to continue.
# Native memory allocation (malloc) failed to allocate 329056 bytes for Chunk::new
# Possible reasons:
#   The system is out of physical RAM or swap space
#   The process is running with CompressedOops enabled, and the Java Heap may be blocking the growth of the native heap
# Possible solutions:
#   Reduce memory load on the system
#   Increase physical memory or swap space
#   Check if swap backing store is full
#   Decrease Java heap size (-Xmx/-Xms)
#   Decrease number of Java threads
#   Decrease Java thread stack sizes (-Xss)
#   Set larger code cache with -XX:ReservedCodeCacheSize=
#   JVM is running with Unscaled Compressed Oops mode in which the Java heap is
#     placed in the first 4GB address space. The Java Heap base address is the
#     maximum limit for the native heap growth. Please use -XX:HeapBaseMinAddress
#     to set the Java Heap base and to place the Java Heap above 4GB virtual address.
# This output file may be truncated or incomplete.
#
#  Out of Memory Error (./src/hotspot/share/memory/arena.cpp:197), pid=14120, tid=10736
#
# JRE version: OpenJDK Runtime Environment JBR-11.0.9.11-1145.21-jcef (11.0.9+11) (build 11.0.9+11-b1145.21)
# Java VM: OpenJDK 64-Bit Server VM JBR-11.0.9.11-1145.21-jcef (11.0.9+11-b1145.21, mixed mode, tiered, compressed oops, g1 gc, windows-amd64)
# No core dump will be written. Minidumps are not enabled by default on client versions of Windows
#

---------------  S U M M A R Y ------------

Command Line: C:\Users\amins\AppData\Roaming\JetBrains\IntelliJIdea2020.3\plugins\idea-spring-tools\lib\server\language-server.jar

Host: AMD Ryzen 5 3550H with Radeon Vega Mobile Gfx  , 8 cores, 5G,  Windows 10 , 64 bit Build 18362 (10.0.18362.1316)
Time: Tue Jan 19 21:29:22 2021 Paris, Madrid elapsed time: 40.890776 seconds (0d 0h 0m 40s)

---------------  T H R E A D  ---------------

Current thread (0x000001f72e9b8800):  JavaThread "C2 CompilerThread0" daemon [_thread_in_native, id=10736, stack(0x000000b320400000,0x000000b320500000)]


Current CompileTask:
C2:  40890 4433 %     4       com.google.gson.stream.JsonReader::nextQuotedValue @ 23 (270 bytes)

Stack: [0x000000b320400000,0x000000b320500000]
Native frames: (J=compiled Java code, j=interpreted, Vv=VM code, C=native code)
V  [jvm.dll+0x5ed3ca]
V  [jvm.dll+0x722725]
V  [jvm.dll+0x723c7d]
V  [jvm.dll+0x724333]
V  [jvm.dll+0x242bd8]
V  [jvm.dll+0xbc0fc]
V  [jvm.dll+0xbc5fc]
V  [jvm.dll+0x2b5144]
V  [jvm.dll+0x506428]
V  [jvm.dll+0x203913]
V  [jvm.dll+0x1fd71c]
V  [jvm.dll+0x1fadff]
V  [jvm.dll+0x18362c]
V  [jvm.dll+0x2095b7]
V  [jvm.dll+0x207e01]
V  [jvm.dll+0x6eb1ff]
V  [jvm.dll+0x6e3d55]
V  [jvm.dll+0x5ec366]
C  [ucrtbase.dll+0x210b2]
C  [KERNEL32.DLL+0x17c24]
C  [ntdll.dll+0x6d4d1]


---------------  P R O C E S S  ---------------

Threads class SMR info:
_java_thread_list=0x000001f730c20ff0, length=24, elements={
0x000001f72e997000, 0x000001f72e998800, 0x000001f72e9b6000, 0x000001f72e9b7800,
0x000001f72e9b8800, 0x000001f72e9ba000, 0x000001f72e9c3800, 0x000001f72f497000,
0x000001f72f498800, 0x000001f72fc70000, 0x000001f730178800, 0x000001f72f9f1000,
0x000001f7300bf000, 0x000001f72ff91800, 0x000001f73099a800, 0x000001f72ff27800,
0x000001f73074f800, 0x000001f730771800, 0x000001f7157ad000, 0x000001f7309e0800,
0x000001f7309e1800, 0x000001f7309e4000, 0x000001f7309de000, 0x000001f7309e2800
}

Java Threads: ( => current thread )
  0x000001f72e997000 JavaThread "Reference Handler" daemon [_thread_blocked, id=22968, stack(0x000000b320000000,0x000000b320100000)]
  0x000001f72e998800 JavaThread "Finalizer" daemon [_thread_blocked, id=18820, stack(0x000000b320100000,0x000000b320200000)]
  0x000001f72e9b6000 JavaThread "Signal Dispatcher" daemon [_thread_blocked, id=19460, stack(0x000000b320200000,0x000000b320300000)]
  0x000001f72e9b7800 JavaThread "Attach Listener" daemon [_thread_blocked, id=13748, stack(0x000000b320300000,0x000000b320400000)]
=>0x000001f72e9b8800 JavaThread "C2 CompilerThread0" daemon [_thread_in_native, id=10736, stack(0x000000b320400000,0x000000b320500000)]
  0x000001f72e9ba000 JavaThread "C1 CompilerThread0" daemon [_thread_blocked, id=22852, stack(0x000000b320500000,0x000000b320600000)]
  0x000001f72e9c3800 JavaThread "Sweeper thread" daemon [_thread_blocked, id=5964, stack(0x000000b320600000,0x000000b320700000)]
  0x000001f72f497000 JavaThread "Service Thread" daemon [_thread_blocked, id=8324, stack(0x000000b320700000,0x000000b320800000)]
  0x000001f72f498800 JavaThread "Common-Cleaner" daemon [_thread_blocked, id=6688, stack(0x000000b320900000,0x000000b320a00000)]
  0x000001f72fc70000 JavaThread "ForkJoinPool.commonPool-worker-3" daemon [_thread_blocked, id=3676, stack(0x000000b320c00000,0x000000b320d00000)]
  0x000001f730178800 JavaThread "ForkJoinPool.commonPool-worker-5" daemon [_thread_blocked, id=15272, stack(0x000000b320f00000,0x000000b321000000)]
  0x000001f72f9f1000 JavaThread "ForkJoinPool.commonPool-worker-9" daemon [_thread_blocked, id=22696, stack(0x000000b321000000,0x000000b321100000)]
  0x000001f7300bf000 JavaThread "ForkJoinPool.commonPool-worker-11" daemon [_thread_blocked, id=20744, stack(0x000000b321100000,0x000000b321200000)]
  0x000001f72ff91800 JavaThread "ForkJoinPool.commonPool-worker-7" daemon [_thread_blocked, id=17412, stack(0x000000b321200000,0x000000b321300000)]
  0x000001f73099a800 JavaThread "ForkJoinPool.commonPool-worker-13" daemon [_thread_blocked, id=7920, stack(0x000000b321300000,0x000000b321400000)]
  0x000001f72ff27800 JavaThread "ForkJoinPool.commonPool-worker-15" daemon [_thread_blocked, id=18976, stack(0x000000b321400000,0x000000b321500000)]
  0x000001f73074f800 JavaThread "Simple-Language-Server main thread" daemon [_thread_blocked, id=11332, stack(0x000000b321600000,0x000000b321700000)]
  0x000001f730771800 JavaThread "LanguageServerApp-lifecycle" [_thread_blocked, id=3896, stack(0x000000b321700000,0x000000b321800000)]
  0x000001f7157ad000 JavaThread "DestroyJavaVM" [_thread_blocked, id=10384, stack(0x000000b31f900000,0x000000b31fa00000)]
  0x000001f7309e0800 JavaThread "pool-4-thread-1" [_thread_in_native, id=9180, stack(0x000000b321800000,0x000000b321900000)]
  0x000001f7309e1800 JavaThread "pool-5-thread-1" [_thread_blocked, id=9712, stack(0x000000b321900000,0x000000b321a00000)]
  0x000001f7309e4000 JavaThread "parallel-1" daemon [_thread_blocked, id=13004, stack(0x000000b321a00000,0x000000b321b00000)]
  0x000001f7309de000 JavaThread "Reconciler-1" daemon [_thread_blocked, id=21404, stack(0x000000b321b00000,0x000000b321c00000)]
  0x000001f7309e2800 JavaThread "pool-2-thread-1" [_thread_blocked, id=2240, stack(0x000000b321c00000,0x000000b321d00000)]

Other Threads:
  0x000001f72e96f800 VMThread "VM Thread" [stack: 0x000000b31ff00000,0x000000b320000000] [id=15372]
  0x000001f72f498000 WatcherThread [stack: 0x000000b320800000,0x000000b320900000] [id=10112]
  0x000001f7157c3800 GCTaskThread "GC Thread#0" [stack: 0x000000b31fa00000,0x000000b31fb00000] [id=7652]
  0x000001f73013f800 GCTaskThread "GC Thread#1" [stack: 0x000000b320b00000,0x000000b320c00000] [id=14792]
  0x000001f730189000 GCTaskThread "GC Thread#2" [stack: 0x000000b320d00000,0x000000b320e00000] [id=7868]
  0x000001f7307e3800 GCTaskThread "GC Thread#3" [stack: 0x000000b320e00000,0x000000b320f00000] [id=14212]
  0x000001f732e56800 GCTaskThread "GC Thread#4" [stack: 0x000000b321d00000,0x000000b321e00000] [id=21348]
  0x000001f733074800 GCTaskThread "GC Thread#5" [stack: 0x000000b321e00000,0x000000b321f00000] [id=14108]
  0x000001f732a15800 GCTaskThread "GC Thread#6" [stack: 0x000000b321f00000,0x000000b322000000] [id=6228]
  0x000001f732a16000 GCTaskThread "GC Thread#7" [stack: 0x000000b322000000,0x000000b322100000] [id=22660]
  0x000001f7157eb000 ConcurrentGCThread "G1 Main Marker" [stack: 0x000000b31fb00000,0x000000b31fc00000] [id=18280]
  0x000001f7157ec000 ConcurrentGCThread "G1 Conc#0" [stack: 0x000000b31fc00000,0x000000b31fd00000] [id=3140]
  0x000001f7303ff000 ConcurrentGCThread "G1 Conc#1" [stack: 0x000000b321500000,0x000000b321600000] [id=13208]
  0x000001f71586e800 ConcurrentGCThread "G1 Refine#0" [stack: 0x000000b31fd00000,0x000000b31fe00000] [id=18880]
  0x000001f715870800 ConcurrentGCThread "G1 Young RemSet Sampling" [stack: 0x000000b31fe00000,0x000000b31ff00000] [id=15820]

Threads with active compile tasks:
C2 CompilerThread0  40916 4433 %     4       com.google.gson.stream.JsonReader::nextQuotedValue @ 23 (270 bytes)

VM state:not at safepoint (normal execution)

VM Mutex/Monitor currently owned by a thread: None

Heap address: 0x00000000a1400000, size: 1516 MB, Compressed Oops mode: 32-bit
Narrow klass base: 0x0000000000000000, Narrow klass shift: 3
Compressed class space size: 1073741824 Address: 0x0000000100000000

Heap:
 garbage-first heap   total 118784K, used 69032K [0x00000000a1400000, 0x0000000100000000)
  region size 1024K, 51 young (52224K), 4 survivors (4096K)
 Metaspace       used 42121K, capacity 43251K, committed 43340K, reserved 1087488K
  class space    used 4703K, capacity 5160K, committed 5196K, reserved 1048576K
Heap Regions: E=young(eden), S=young(survivor), O=old, HS=humongous(starts), HC=humongous(continues), CS=collection set, F=free, A=archive, TAMS=top-at-mark-start (previous, next)
|   0|0x00000000a1400000, 0x00000000a1500000, 0x00000000a1500000|100%| O|  |TAMS 0x00000000a1500000, 0x00000000a1400000| Untracked 
|   1|0x00000000a1500000, 0x00000000a1600000, 0x00000000a1600000|100%| O|  |TAMS 0x00000000a1600000, 0x00000000a1500000| Untracked 
|   2|0x00000000a1600000, 0x00000000a1700000, 0x00000000a1700000|100%| O|  |TAMS 0x00000000a1700000, 0x00000000a1600000| Untracked 
|   3|0x00000000a1700000, 0x00000000a1800000, 0x00000000a1800000|100%| O|  |TAMS 0x00000000a1800000, 0x00000000a1700000| Untracked 
|   4|0x00000000a1800000, 0x00000000a1900000, 0x00000000a1900000|100%| O|  |TAMS 0x00000000a1900000, 0x00000000a1800000| Untracked 
|   5|0x00000000a1900000, 0x00000000a1a00000, 0x00000000a1a00000|100%| O|  |TAMS 0x00000000a1a00000, 0x00000000a1900000| Untracked 
|   6|0x00000000a1a00000, 0x00000000a1b00000, 0x00000000a1b00000|100%| O|  |TAMS 0x00000000a1b00000, 0x00000000a1a00000| Untracked 
|   7|0x00000000a1b00000, 0x00000000a1c00000, 0x00000000a1c00000|100%|HS|  |TAMS 0x00000000a1c00000, 0x00000000a1b00000| Complete 
|   8|0x00000000a1c00000, 0x00000000a1d00000, 0x00000000a1d00000|100%| O|  |TAMS 0x00000000a1d00000, 0x00000000a1c00000| Untracked 
|   9|0x00000000a1d00000, 0x00000000a1e00000, 0x00000000a1e00000|100%|HS|  |TAMS 0x00000000a1e00000, 0x00000000a1d00000| Complete 
|  10|0x00000000a1e00000, 0x00000000a1f00000, 0x00000000a1f00000|100%| O|  |TAMS 0x00000000a1f00000, 0x00000000a1e00000| Untracked 
|  11|0x00000000a1f00000, 0x00000000a2000000, 0x00000000a2000000|100%| O|  |TAMS 0x00000000a2000000, 0x00000000a1f00000| Untracked 
|  12|0x00000000a2000000, 0x00000000a2100000, 0x00000000a2100000|100%| O|  |TAMS 0x00000000a2100000, 0x00000000a2000000| Untracked 
|  13|0x00000000a2100000, 0x00000000a2200000, 0x00000000a2200000|100%| O|  |TAMS 0x00000000a2200000, 0x00000000a2100000| Untracked 
|  14|0x00000000a2200000, 0x00000000a2300000, 0x00000000a2300000|100%| O|  |TAMS 0x00000000a2300000, 0x00000000a2200000| Untracked 
|  15|0x00000000a2300000, 0x00000000a2400000, 0x00000000a2400000|100%| O|  |TAMS 0x00000000a2400000, 0x00000000a2300000| Untracked 
|  16|0x00000000a2400000, 0x00000000a2500000, 0x00000000a2500000|100%| O|  |TAMS 0x00000000a2500000, 0x00000000a2400000| Untracked 
|  17|0x00000000a2500000, 0x00000000a2600000, 0x00000000a2600000|100%| O|  |TAMS 0x00000000a2600000, 0x00000000a2500000| Untracked 
|  18|0x00000000a2600000, 0x00000000a2700000, 0x00000000a2700000|100%| O|  |TAMS 0x00000000a2700000, 0x00000000a2600000| Untracked 
|  19|0x00000000a2700000, 0x00000000a2717e00, 0x00000000a2800000|  9%| O|  |TAMS 0x00000000a2717e00, 0x00000000a2700000| Untracked 
|  20|0x00000000a2800000, 0x00000000a2800000, 0x00000000a2900000|  0%| F|  |TAMS 0x00000000a2800000, 0x00000000a2800000| Untracked 
|  21|0x00000000a2900000, 0x00000000a2900000, 0x00000000a2a00000|  0%| F|  |TAMS 0x00000000a2900000, 0x00000000a2900000| Untracked 
|  22|0x00000000a2a00000, 0x00000000a2a00000, 0x00000000a2b00000|  0%| F|  |TAMS 0x00000000a2a00000, 0x00000000a2a00000| Untracked 
|  23|0x00000000a2b00000, 0x00000000a2b00000, 0x00000000a2c00000|  0%| F|  |TAMS 0x00000000a2b00000, 0x00000000a2b00000| Untracked 
|  24|0x00000000a2c00000, 0x00000000a2c00000, 0x00000000a2d00000|  0%| F|  |TAMS 0x00000000a2c00000, 0x00000000a2c00000| Untracked 
|  25|0x00000000a2d00000, 0x00000000a2d00000, 0x00000000a2e00000|  0%| F|  |TAMS 0x00000000a2d00000, 0x00000000a2d00000| Untracked 
|  26|0x00000000a2e00000, 0x00000000a2e00000, 0x00000000a2f00000|  0%| F|  |TAMS 0x00000000a2e00000, 0x00000000a2e00000| Untracked 
|  27|0x00000000a2f00000, 0x00000000a2f00000, 0x00000000a3000000|  0%| F|  |TAMS 0x00000000a2f00000, 0x00000000a2f00000| Untracked 
|  28|0x00000000a3000000, 0x00000000a3000000, 0x00000000a3100000|  0%| F|  |TAMS 0x00000000a3000000, 0x00000000a3000000| Untracked 
|  29|0x00000000a3100000, 0x00000000a3100000, 0x00000000a3200000|  0%| F|  |TAMS 0x00000000a3100000, 0x00000000a3100000| Untracked 
|  30|0x00000000a3200000, 0x00000000a3200000, 0x00000000a3300000|  0%| F|  |TAMS 0x00000000a3200000, 0x00000000a3200000| Untracked 
|  31|0x00000000a3300000, 0x00000000a3300000, 0x00000000a3400000|  0%| F|  |TAMS 0x00000000a3300000, 0x00000000a3300000| Untracked 
|  32|0x00000000a3400000, 0x00000000a3400000, 0x00000000a3500000|  0%| F|  |TAMS 0x00000000a3400000, 0x00000000a3400000| Untracked 
|  33|0x00000000a3500000, 0x00000000a3500000, 0x00000000a3600000|  0%| F|  |TAMS 0x00000000a3500000, 0x00000000a3500000| Untracked 
|  34|0x00000000a3600000, 0x00000000a3600000, 0x00000000a3700000|  0%| F|  |TAMS 0x00000000a3600000, 0x00000000a3600000| Untracked 
|  35|0x00000000a3700000, 0x00000000a3700000, 0x00000000a3800000|  0%| F|  |TAMS 0x00000000a3700000, 0x00000000a3700000| Untracked 
|  36|0x00000000a3800000, 0x00000000a3800000, 0x00000000a3900000|  0%| F|  |TAMS 0x00000000a3800000, 0x00000000a3800000| Untracked 
|  37|0x00000000a3900000, 0x00000000a3900000, 0x00000000a3a00000|  0%| F|  |TAMS 0x00000000a3900000, 0x00000000a3900000| Untracked 
|  38|0x00000000a3a00000, 0x00000000a3a00000, 0x00000000a3b00000|  0%| F|  |TAMS 0x00000000a3a00000, 0x00000000a3a00000| Untracked 
|  39|0x00000000a3b00000, 0x00000000a3b00000, 0x00000000a3c00000|  0%| F|  |TAMS 0x00000000a3b00000, 0x00000000a3b00000| Untracked 
|  40|0x00000000a3c00000, 0x00000000a3c00000, 0x00000000a3d00000|  0%| F|  |TAMS 0x00000000a3c00000, 0x00000000a3c00000| Untracked 
|  41|0x00000000a3d00000, 0x00000000a3d00000, 0x00000000a3e00000|  0%| F|  |TAMS 0x00000000a3d00000, 0x00000000a3d00000| Untracked 
|  42|0x00000000a3e00000, 0x00000000a3e00000, 0x00000000a3f00000|  0%| F|  |TAMS 0x00000000a3e00000, 0x00000000a3e00000| Untracked 
|  43|0x00000000a3f00000, 0x00000000a3f52310, 0x00000000a4000000| 32%| S|CS|TAMS 0x00000000a3f00000, 0x00000000a3f00000| Complete 
|  44|0x00000000a4000000, 0x00000000a4100000, 0x00000000a4100000|100%| S|CS|TAMS 0x00000000a4000000, 0x00000000a4000000| Complete 
|  45|0x00000000a4100000, 0x00000000a4200000, 0x00000000a4200000|100%| S|CS|TAMS 0x00000000a4100000, 0x00000000a4100000| Complete 
|  46|0x00000000a4200000, 0x00000000a4300000, 0x00000000a4300000|100%| S|CS|TAMS 0x00000000a4200000, 0x00000000a4200000| Complete 
|  47|0x00000000a4300000, 0x00000000a4300000, 0x00000000a4400000|  0%| F|  |TAMS 0x00000000a4300000, 0x00000000a4300000| Untracked 
|  48|0x00000000a4400000, 0x00000000a4400000, 0x00000000a4500000|  0%| F|  |TAMS 0x00000000a4400000, 0x00000000a4400000| Untracked 
|  49|0x00000000a4500000, 0x00000000a4500000, 0x00000000a4600000|  0%| F|  |TAMS 0x00000000a4500000, 0x00000000a4500000| Untracked 
|  50|0x00000000a4600000, 0x00000000a4600000, 0x00000000a4700000|  0%| F|  |TAMS 0x00000000a4600000, 0x00000000a4600000| Untracked 
|  51|0x00000000a4700000, 0x00000000a4700000, 0x00000000a4800000|  0%| F|  |TAMS 0x00000000a4700000, 0x00000000a4700000| Untracked 
|  52|0x00000000a4800000, 0x00000000a4800000, 0x00000000a4900000|  0%| F|  |TAMS 0x00000000a4800000, 0x00000000a4800000| Untracked 
|  53|0x00000000a4900000, 0x00000000a4900000, 0x00000000a4a00000|  0%| F|  |TAMS 0x00000000a4900000, 0x00000000a4900000| Untracked 
|  54|0x00000000a4a00000, 0x00000000a4a00000, 0x00000000a4b00000|  0%| F|  |TAMS 0x00000000a4a00000, 0x00000000a4a00000| Untracked 
|  55|0x00000000a4b00000, 0x00000000a4b00000, 0x00000000a4c00000|  0%| F|  |TAMS 0x00000000a4b00000, 0x00000000a4b00000| Untracked 
|  56|0x00000000a4c00000, 0x00000000a4c00000, 0x00000000a4d00000|  0%| F|  |TAMS 0x00000000a4c00000, 0x00000000a4c00000| Untracked 
|  57|0x00000000a4d00000, 0x00000000a4d00000, 0x00000000a4e00000|  0%| F|  |TAMS 0x00000000a4d00000, 0x00000000a4d00000| Untracked 
|  58|0x00000000a4e00000, 0x00000000a4e00000, 0x00000000a4f00000|  0%| F|  |TAMS 0x00000000a4e00000, 0x00000000a4e00000| Untracked 
|  59|0x00000000a4f00000, 0x00000000a4f00000, 0x00000000a5000000|  0%| F|  |TAMS 0x00000000a4f00000, 0x00000000a4f00000| Untracked 
|  60|0x00000000a5000000, 0x00000000a5000000, 0x00000000a5100000|  0%| F|  |TAMS 0x00000000a5000000, 0x00000000a5000000| Untracked 
|  61|0x00000000a5100000, 0x00000000a5100000, 0x00000000a5200000|  0%| F|  |TAMS 0x00000000a5100000, 0x00000000a5100000| Untracked 
|  62|0x00000000a5200000, 0x00000000a5200000, 0x00000000a5300000|  0%| F|  |TAMS 0x00000000a5200000, 0x00000000a5200000| Untracked 
|  63|0x00000000a5300000, 0x00000000a5300000, 0x00000000a5400000|  0%| F|  |TAMS 0x00000000a5300000, 0x00000000a5300000| Untracked 
|  64|0x00000000a5400000, 0x00000000a5400000, 0x00000000a5500000|  0%| F|  |TAMS 0x00000000a5400000, 0x00000000a5400000| Untracked 
|  65|0x00000000a5500000, 0x00000000a5500000, 0x00000000a5600000|  0%| F|  |TAMS 0x00000000a5500000, 0x00000000a5500000| Untracked 
|  66|0x00000000a5600000, 0x00000000a5600000, 0x00000000a5700000|  0%| F|  |TAMS 0x00000000a5600000, 0x00000000a5600000| Untracked 
|  67|0x00000000a5700000, 0x00000000a5700000, 0x00000000a5800000|  0%| F|  |TAMS 0x00000000a5700000, 0x00000000a5700000| Untracked 
|  68|0x00000000a5800000, 0x00000000a5800000, 0x00000000a5900000|  0%| F|  |TAMS 0x00000000a5800000, 0x00000000a5800000| Untracked 
|  69|0x00000000a5900000, 0x00000000a5930dd8, 0x00000000a5a00000| 19%| E|  |TAMS 0x00000000a5900000, 0x00000000a5900000| Complete 
|  70|0x00000000a5a00000, 0x00000000a5b00000, 0x00000000a5b00000|100%| E|CS|TAMS 0x00000000a5a00000, 0x00000000a5a00000| Complete 
|  71|0x00000000a5b00000, 0x00000000a5c00000, 0x00000000a5c00000|100%| E|  |TAMS 0x00000000a5b00000, 0x00000000a5b00000| Complete 
|  72|0x00000000a5c00000, 0x00000000a5d00000, 0x00000000a5d00000|100%| E|CS|TAMS 0x00000000a5c00000, 0x00000000a5c00000| Complete 
|  73|0x00000000a5d00000, 0x00000000a5e00000, 0x00000000a5e00000|100%| E|CS|TAMS 0x00000000a5d00000, 0x00000000a5d00000| Complete 
|  74|0x00000000a5e00000, 0x00000000a5f00000, 0x00000000a5f00000|100%| E|CS|TAMS 0x00000000a5e00000, 0x00000000a5e00000| Complete 
|  75|0x00000000a5f00000, 0x00000000a6000000, 0x00000000a6000000|100%| E|CS|TAMS 0x00000000a5f00000, 0x00000000a5f00000| Complete 
|  76|0x00000000a6000000, 0x00000000a6100000, 0x00000000a6100000|100%| E|CS|TAMS 0x00000000a6000000, 0x00000000a6000000| Complete 
|  77|0x00000000a6100000, 0x00000000a6200000, 0x00000000a6200000|100%| E|CS|TAMS 0x00000000a6100000, 0x00000000a6100000| Complete 
|  78|0x00000000a6200000, 0x00000000a6300000, 0x00000000a6300000|100%| E|CS|TAMS 0x00000000a6200000, 0x00000000a6200000| Complete 
|  79|0x00000000a6300000, 0x00000000a6400000, 0x00000000a6400000|100%| E|CS|TAMS 0x00000000a6300000, 0x00000000a6300000| Complete 
|  80|0x00000000a6400000, 0x00000000a6500000, 0x00000000a6500000|100%| E|CS|TAMS 0x00000000a6400000, 0x00000000a6400000| Complete 
|  81|0x00000000a6500000, 0x00000000a6600000, 0x00000000a6600000|100%| E|CS|TAMS 0x00000000a6500000, 0x00000000a6500000| Complete 
|  82|0x00000000a6600000, 0x00000000a6700000, 0x00000000a6700000|100%| E|CS|TAMS 0x00000000a6600000, 0x00000000a6600000| Complete 
|  83|0x00000000a6700000, 0x00000000a6800000, 0x00000000a6800000|100%| E|CS|TAMS 0x00000000a6700000, 0x00000000a6700000| Complete 
|  84|0x00000000a6800000, 0x00000000a6900000, 0x00000000a6900000|100%| E|CS|TAMS 0x00000000a6800000, 0x00000000a6800000| Complete 
|  85|0x00000000a6900000, 0x00000000a6a00000, 0x00000000a6a00000|100%| E|CS|TAMS 0x00000000a6900000, 0x00000000a6900000| Complete 
|  86|0x00000000a6a00000, 0x00000000a6b00000, 0x00000000a6b00000|100%| E|CS|TAMS 0x00000000a6a00000, 0x00000000a6a00000| Complete 
|  87|0x00000000a6b00000, 0x00000000a6c00000, 0x00000000a6c00000|100%| E|CS|TAMS 0x00000000a6b00000, 0x00000000a6b00000| Complete 
|  88|0x00000000a6c00000, 0x00000000a6d00000, 0x00000000a6d00000|100%| E|CS|TAMS 0x00000000a6c00000, 0x00000000a6c00000| Complete 
|  89|0x00000000a6d00000, 0x00000000a6e00000, 0x00000000a6e00000|100%| E|CS|TAMS 0x00000000a6d00000, 0x00000000a6d00000| Complete 
|  90|0x00000000a6e00000, 0x00000000a6f00000, 0x00000000a6f00000|100%| E|CS|TAMS 0x00000000a6e00000, 0x00000000a6e00000| Complete 
|  91|0x00000000a6f00000, 0x00000000a7000000, 0x00000000a7000000|100%| E|CS|TAMS 0x00000000a6f00000, 0x00000000a6f00000| Complete 
|  92|0x00000000a7000000, 0x00000000a7100000, 0x00000000a7100000|100%| E|CS|TAMS 0x00000000a7000000, 0x00000000a7000000| Complete 
|  93|0x00000000a7100000, 0x00000000a7200000, 0x00000000a7200000|100%| E|CS|TAMS 0x00000000a7100000, 0x00000000a7100000| Complete 
|  94|0x00000000a7200000, 0x00000000a7300000, 0x00000000a7300000|100%| E|CS|TAMS 0x00000000a7200000, 0x00000000a7200000| Complete 
|  95|0x00000000a7300000, 0x00000000a7400000, 0x00000000a7400000|100%| E|CS|TAMS 0x00000000a7300000, 0x00000000a7300000| Complete 
|  96|0x00000000a7400000, 0x00000000a7500000, 0x00000000a7500000|100%| E|CS|TAMS 0x00000000a7400000, 0x00000000a7400000| Complete 
|  97|0x00000000a7500000, 0x00000000a7600000, 0x00000000a7600000|100%| E|CS|TAMS 0x00000000a7500000, 0x00000000a7500000| Complete 
|  98|0x00000000a7600000, 0x00000000a7700000, 0x00000000a7700000|100%| E|CS|TAMS 0x00000000a7600000, 0x00000000a7600000| Complete 
|  99|0x00000000a7700000, 0x00000000a7800000, 0x00000000a7800000|100%| E|CS|TAMS 0x00000000a7700000, 0x00000000a7700000| Complete 
| 100|0x00000000a7800000, 0x00000000a7900000, 0x00000000a7900000|100%| E|CS|TAMS 0x00000000a7800000, 0x00000000a7800000| Complete 
| 101|0x00000000a7900000, 0x00000000a7a00000, 0x00000000a7a00000|100%| E|CS|TAMS 0x00000000a7900000, 0x00000000a7900000| Complete 
| 102|0x00000000a7a00000, 0x00000000a7b00000, 0x00000000a7b00000|100%| E|CS|TAMS 0x00000000a7a00000, 0x00000000a7a00000| Complete 
| 103|0x00000000a7b00000, 0x00000000a7c00000, 0x00000000a7c00000|100%| E|CS|TAMS 0x00000000a7b00000, 0x00000000a7b00000| Complete 
| 104|0x00000000a7c00000, 0x00000000a7d00000, 0x00000000a7d00000|100%| E|CS|TAMS 0x00000000a7c00000, 0x00000000a7c00000| Complete 
| 105|0x00000000a7d00000, 0x00000000a7e00000, 0x00000000a7e00000|100%| E|CS|TAMS 0x00000000a7d00000, 0x00000000a7d00000| Complete 
| 106|0x00000000a7e00000, 0x00000000a7f00000, 0x00000000a7f00000|100%| E|CS|TAMS 0x00000000a7e00000, 0x00000000a7e00000| Complete 
| 107|0x00000000a7f00000, 0x00000000a8000000, 0x00000000a8000000|100%| E|CS|TAMS 0x00000000a7f00000, 0x00000000a7f00000| Complete 
| 108|0x00000000a8000000, 0x00000000a8100000, 0x00000000a8100000|100%| E|CS|TAMS 0x00000000a8000000, 0x00000000a8000000| Complete 
| 109|0x00000000a8100000, 0x00000000a8200000, 0x00000000a8200000|100%| E|CS|TAMS 0x00000000a8100000, 0x00000000a8100000| Complete 
| 110|0x00000000a8200000, 0x00000000a8300000, 0x00000000a8300000|100%| E|CS|TAMS 0x00000000a8200000, 0x00000000a8200000| Complete 
| 111|0x00000000a8300000, 0x00000000a8400000, 0x00000000a8400000|100%| E|CS|TAMS 0x00000000a8300000, 0x00000000a8300000| Complete 
| 112|0x00000000a8400000, 0x00000000a8500000, 0x00000000a8500000|100%| E|CS|TAMS 0x00000000a8400000, 0x00000000a8400000| Complete 
| 113|0x00000000a8500000, 0x00000000a8600000, 0x00000000a8600000|100%| E|CS|TAMS 0x00000000a8500000, 0x00000000a8500000| Complete 
| 114|0x00000000a8600000, 0x00000000a8700000, 0x00000000a8700000|100%| E|CS|TAMS 0x00000000a8600000, 0x00000000a8600000| Complete 
| 115|0x00000000a8700000, 0x00000000a8800000, 0x00000000a8800000|100%| E|CS|TAMS 0x00000000a8700000, 0x00000000a8700000| Complete 

Card table byte_map: [0x000001f7289f0000,0x000001f728cf0000] _byte_map_base: 0x000001f7284e6000

Marking Bits (Prev, Next): (CMBitMap*) 0x000001f7157e4110, (CMBitMap*) 0x000001f7157e40d8
 Prev Bits: [0x000001f72a7a0000, 0x000001f72bf50000)
 Next Bits: [0x000001f728ff0000, 0x000001f72a7a0000)

Polling page: 0x000001f713660000

Metaspace:

Usage:
  Non-class:     37.20 MB capacity,    36.54 MB ( 98%) used,   547.10 KB (  1%) free+waste,   126.00 KB ( <1%) overhead. 
      Class:      5.04 MB capacity,     4.59 MB ( 91%) used,   397.19 KB (  8%) free+waste,    59.00 KB (  1%) overhead. 
       Both:     42.24 MB capacity,    41.13 MB ( 97%) used,   944.29 KB (  2%) free+waste,   185.00 KB ( <1%) overhead. 

Virtual space:
  Non-class space:       38.00 MB reserved,      37.25 MB ( 98%) committed 
      Class space:        1.00 GB reserved,       5.07 MB ( <1%) committed 
             Both:        1.04 GB reserved,      42.32 MB (  4%) committed 

Chunk freelists:
   Non-Class:  1.00 KB
       Class:  0 bytes
        Both:  1.00 KB

MaxMetaspaceSize: 17179869184.00 GB
CompressedClassSpaceSize: 1.00 GB

CodeHeap 'non-profiled nmethods': size=120000Kb used=2151Kb max_used=2151Kb free=117848Kb
 bounds [0x000001f720e80000, 0x000001f7210f0000, 0x000001f7283b0000]
CodeHeap 'profiled nmethods': size=120000Kb used=9587Kb max_used=9587Kb free=110412Kb
 bounds [0x000001f719950000, 0x000001f71a2b0000, 0x000001f720e80000]
CodeHeap 'non-nmethods': size=5760Kb used=1179Kb max_used=1242Kb free=4580Kb
 bounds [0x000001f7193b0000, 0x000001f719620000, 0x000001f719950000]
 total_blobs=4947 nmethods=4414 adapters=444
 compilation: enabled
              stopped_count=0, restarted_count=0
 full_count=0

Compilation events (20 events):
Event: 33.099 Thread 0x000001f72e9b8800 nmethod 4424 0x000001f721099810 code [0x000001f7210999a0, 0x000001f721099a18]
Event: 38.101 Thread 0x000001f72e9ba000 4428       3       java.net.URI$Parser::parseHierarchical (178 bytes)
Event: 38.103 Thread 0x000001f72e9ba000 nmethod 4428 0x000001f71a2a0d90 code [0x000001f71a2a1180, 0x000001f71a2a28e8]
Event: 38.104 Thread 0x000001f72e9ba000 4430       3       java.net.URI::decode (379 bytes)
Event: 38.110 Thread 0x000001f72e9ba000 nmethod 4430 0x000001f71a2a3290 code [0x000001f71a2a39a0, 0x000001f71a2a7cf8]
Event: 38.110 Thread 0x000001f72e9ba000 4429       3       java.net.URI::decode (6 bytes)
Event: 38.110 Thread 0x000001f72e9ba000 nmethod 4429 0x000001f71a2a9910 code [0x000001f71a2a9ac0, 0x000001f71a2a9bc8]
Event: 38.110 Thread 0x000001f72e9ba000 4431       1       java.util.TreeMap::size (5 bytes)
Event: 38.110 Thread 0x000001f72e9ba000 nmethod 4431 0x000001f721099a90 code [0x000001f721099c40, 0x000001f721099cf8]
Event: 40.864 Thread 0x000001f72e9ba000 4432   !   3       com.google.gson.internal.bind.ReflectiveTypeAdapterFactory$Adapter::read (116 bytes)
Event: 40.864 Thread 0x000001f72e9b8800 4433 %     4       com.google.gson.stream.JsonReader::nextQuotedValue @ 23 (270 bytes)
Event: 40.865 Thread 0x000001f72e9ba000 nmethod 4432 0x000001f71a2a9c90 code [0x000001f71a2a9f40, 0x000001f71a2aac18]
Event: 40.865 Thread 0x000001f72e9ba000 4436       3       jdk.internal.reflect.ClassFileAssembler::emitConstantPoolNameAndType (28 bytes)
Event: 40.865 Thread 0x000001f72e9ba000 nmethod 4436 0x000001f71a2ab090 code [0x000001f71a2ab2e0, 0x000001f71a2ab968]
Event: 40.865 Thread 0x000001f72e9ba000 4437       3       jdk.internal.reflect.ClassFileAssembler::getLength (11 bytes)
Event: 40.865 Thread 0x000001f72e9ba000 nmethod 4437 0x000001f71a2abd10 code [0x000001f71a2abec0, 0x000001f71a2ac078]
Event: 40.865 Thread 0x000001f72e9ba000 4438       3       jdk.internal.reflect.ClassFileAssembler::emitConstantPoolClass (23 bytes)
Event: 40.866 Thread 0x000001f72e9ba000 nmethod 4438 0x000001f71a2ac190 code [0x000001f71a2ac3a0, 0x000001f71a2ac7e8]
Event: 40.866 Thread 0x000001f72e9ba000 4440       3       jdk.internal.reflect.ClassFileAssembler::incStack (11 bytes)
Event: 40.866 Thread 0x000001f72e9ba000 nmethod 4440 0x000001f71a2aca10 code [0x000001f71a2acbc0, 0x000001f71a2acd78]

GC Heap History (16 events):
Event: 0.521 GC heap before
{Heap before GC invocations=0 (full 0):
 garbage-first heap   total 98304K, used 23552K [0x00000000a1400000, 0x0000000100000000)
  region size 1024K, 24 young (24576K), 0 survivors (0K)
 Metaspace       used 9200K, capacity 9353K, committed 9600K, reserved 1058816K
  class space    used 806K, capacity 840K, committed 896K, reserved 1048576K
}
Event: 0.530 GC heap after
{Heap after GC invocations=1 (full 0):
 garbage-first heap   total 98304K, used 4269K [0x00000000a1400000, 0x0000000100000000)
  region size 1024K, 3 young (3072K), 3 survivors (3072K)
 Metaspace       used 9200K, capacity 9353K, committed 9600K, reserved 1058816K
  class space    used 806K, capacity 840K, committed 896K, reserved 1048576K
}
Event: 1.088 GC heap before
{Heap before GC invocations=1 (full 0):
 garbage-first heap   total 98304K, used 59565K [0x00000000a1400000, 0x0000000100000000)
  region size 1024K, 57 young (58368K), 3 survivors (3072K)
 Metaspace       used 14730K, capacity 15031K, committed 15232K, reserved 1062912K
  class space    used 1516K, capacity 1611K, committed 1664K, reserved 1048576K
}
Event: 1.093 GC heap after
{Heap after GC invocations=2 (full 0):
 garbage-first heap   total 98304K, used 6141K [0x00000000a1400000, 0x0000000100000000)
  region size 1024K, 5 young (5120K), 5 survivors (5120K)
 Metaspace       used 14730K, capacity 15031K, committed 15232K, reserved 1062912K
  class space    used 1516K, capacity 1611K, committed 1664K, reserved 1048576K
}
Event: 1.602 GC heap before
{Heap before GC invocations=2 (full 0):
 garbage-first heap   total 98304K, used 59389K [0x00000000a1400000, 0x0000000100000000)
  region size 1024K, 57 young (58368K), 5 survivors (5120K)
 Metaspace       used 20012K, capacity 20533K, committed 20608K, reserved 1067008K
  class space    used 2214K, capacity 2388K, committed 2432K, reserved 1048576K
}
Event: 1.608 GC heap after
{Heap after GC invocations=3 (full 0):
 garbage-first heap   total 98304K, used 7574K [0x00000000a1400000, 0x0000000100000000)
  region size 1024K, 4 young (4096K), 4 survivors (4096K)
 Metaspace       used 20012K, capacity 20533K, committed 20608K, reserved 1067008K
  class space    used 2214K, capacity 2388K, committed 2432K, reserved 1048576K
}
Event: 1.659 GC heap before
{Heap before GC invocations=3 (full 0):
 garbage-first heap   total 98304K, used 14742K [0x00000000a1400000, 0x0000000100000000)
  region size 1024K, 12 young (12288K), 4 survivors (4096K)
 Metaspace       used 20655K, capacity 21136K, committed 21248K, reserved 1069056K
  class space    used 2282K, capacity 2461K, committed 2560K, reserved 1048576K
}
Event: 1.664 GC heap after
{Heap after GC invocations=4 (full 0):
 garbage-first heap   total 98304K, used 7608K [0x00000000a1400000, 0x0000000100000000)
  region size 1024K, 4 young (4096K), 4 survivors (4096K)
 Metaspace       used 20655K, capacity 21136K, committed 21248K, reserved 1069056K
  class space    used 2282K, capacity 2461K, committed 2560K, reserved 1048576K
}
Event: 2.582 GC heap before
{Heap before GC invocations=5 (full 0):
 garbage-first heap   total 98304K, used 61880K [0x00000000a1400000, 0x0000000100000000)
  region size 1024K, 57 young (58368K), 4 survivors (4096K)
 Metaspace       used 26671K, capacity 27427K, committed 27776K, reserved 1073152K
  class space    used 3092K, capacity 3339K, committed 3456K, reserved 1048576K
}
Event: 2.590 GC heap after
{Heap after GC invocations=6 (full 0):
 garbage-first heap   total 118784K, used 9226K [0x00000000a1400000, 0x0000000100000000)
  region size 1024K, 5 young (5120K), 5 survivors (5120K)
 Metaspace       used 26671K, capacity 27427K, committed 27776K, reserved 1073152K
  class space    used 3092K, capacity 3339K, committed 3456K, reserved 1048576K
}
Event: 3.627 GC heap before
{Heap before GC invocations=6 (full 0):
 garbage-first heap   total 118784K, used 73738K [0x00000000a1400000, 0x0000000100000000)
  region size 1024K, 69 young (70656K), 5 survivors (5120K)
 Metaspace       used 32599K, capacity 33485K, committed 33792K, reserved 1079296K
  class space    used 3907K, capacity 4256K, committed 4352K, reserved 1048576K
}
Event: 3.655 GC heap after
{Heap after GC invocations=7 (full 0):
 garbage-first heap   total 118784K, used 10910K [0x00000000a1400000, 0x0000000100000000)
  region size 1024K, 6 young (6144K), 6 survivors (6144K)
 Metaspace       used 32599K, capacity 33485K, committed 33792K, reserved 1079296K
  class space    used 3907K, capacity 4256K, committed 4352K, reserved 1048576K
}
Event: 4.122 GC heap before
{Heap before GC invocations=7 (full 0):
 garbage-first heap   total 118784K, used 43678K [0x00000000a1400000, 0x0000000100000000)
  region size 1024K, 36 young (36864K), 6 survivors (6144K)
 Metaspace       used 34833K, capacity 35803K, committed 35840K, reserved 1081344K
  class space    used 4071K, capacity 4454K, committed 4480K, reserved 1048576K
}
Event: 4.132 GC heap after
{Heap after GC invocations=8 (full 0):
 garbage-first heap   total 118784K, used 19480K [0x00000000a1400000, 0x0000000100000000)
  region size 1024K, 9 young (9216K), 9 survivors (9216K)
 Metaspace       used 34833K, capacity 35803K, committed 35840K, reserved 1081344K
  class space    used 4071K, capacity 4454K, committed 4480K, reserved 1048576K
}
Event: 4.505 GC heap before
{Heap before GC invocations=9 (full 0):
 garbage-first heap   total 118784K, used 79896K [0x00000000a1400000, 0x0000000100000000)
  region size 1024K, 69 young (70656K), 9 survivors (9216K)
 Metaspace       used 39218K, capacity 40275K, committed 40524K, reserved 1085440K
  class space    used 4464K, capacity 4899K, committed 4940K, reserved 1048576K
}
Event: 4.515 GC heap after
{Heap after GC invocations=10 (full 0):
 garbage-first heap   total 118784K, used 22952K [0x00000000a1400000, 0x0000000100000000)
  region size 1024K, 4 young (4096K), 4 survivors (4096K)
 Metaspace       used 39218K, capacity 40275K, committed 40524K, reserved 1085440K
  class space    used 4464K, capacity 4899K, committed 4940K, reserved 1048576K
}

Deoptimization events (20 events):
Event: 8.034 Thread 0x000001f7309e1800 DEOPT PACKING pc=0x000001f719e848c7 sp=0x000000b3219fe0c0
Event: 8.034 Thread 0x000001f7309e1800 DEOPT UNPACKING pc=0x000001f7193d72ce sp=0x000000b3219fd638 mode 0
Event: 8.034 Thread 0x000001f7309e1800 DEOPT PACKING pc=0x000001f719e848c7 sp=0x000000b3219fdff0
Event: 8.034 Thread 0x000001f7309e1800 DEOPT UNPACKING pc=0x000001f7193d72ce sp=0x000000b3219fd568 mode 0
Event: 8.035 Thread 0x000001f7309e1800 DEOPT PACKING pc=0x000001f719e848c7 sp=0x000000b3219fdf50
Event: 8.035 Thread 0x000001f7309e1800 DEOPT UNPACKING pc=0x000001f7193d72ce sp=0x000000b3219fd4c8 mode 0
Event: 8.038 Thread 0x000001f72ff27800 DEOPT PACKING pc=0x000001f719e848c7 sp=0x000000b3214fe370
Event: 8.038 Thread 0x000001f72ff27800 DEOPT UNPACKING pc=0x000001f7193d72ce sp=0x000000b3214fd8e8 mode 0
Event: 8.038 Thread 0x000001f72ff27800 DEOPT PACKING pc=0x000001f719e848c7 sp=0x000000b3214fe2a0
Event: 8.038 Thread 0x000001f72ff27800 DEOPT UNPACKING pc=0x000001f7193d72ce sp=0x000000b3214fd818 mode 0
Event: 8.039 Thread 0x000001f72ff27800 DEOPT PACKING pc=0x000001f719e848c7 sp=0x000000b3214fe200
Event: 8.039 Thread 0x000001f72ff27800 DEOPT UNPACKING pc=0x000001f7193d72ce sp=0x000000b3214fd778 mode 0
Event: 8.039 Thread 0x000001f730178800 DEOPT PACKING pc=0x000001f719e848c7 sp=0x000000b320ffe190
Event: 8.039 Thread 0x000001f730178800 DEOPT UNPACKING pc=0x000001f7193d72ce sp=0x000000b320ffd708 mode 0
Event: 8.039 Thread 0x000001f730178800 DEOPT PACKING pc=0x000001f719e848c7 sp=0x000000b320ffe0c0
Event: 8.040 Thread 0x000001f730178800 DEOPT UNPACKING pc=0x000001f7193d72ce sp=0x000000b320ffd638 mode 0
Event: 8.040 Thread 0x000001f73099a800 DEOPT PACKING pc=0x000001f719e848c7 sp=0x000000b3213fe750
Event: 8.040 Thread 0x000001f73099a800 DEOPT UNPACKING pc=0x000001f7193d72ce sp=0x000000b3213fdcc8 mode 0
Event: 8.040 Thread 0x000001f73099a800 DEOPT PACKING pc=0x000001f719e848c7 sp=0x000000b3213fe680
Event: 8.040 Thread 0x000001f73099a800 DEOPT UNPACKING pc=0x000001f7193d72ce sp=0x000000b3213fdbf8 mode 0

Classes redefined (0 events):
No events

Internal exceptions (20 events):
Event: 3.902 Thread 0x000001f73074f800 Exception <a 'java/lang/IllegalArgumentException'{0x00000000a7ad3930}> (0x00000000a7ad3930) thrown at [./src/hotspot/share/prims/jvm.cpp, line 1309]
Event: 4.312 Thread 0x000001f7309de000 Exception <a 'java/lang/ArrayIndexOutOfBoundsException'{0x00000000a708b570}: Index 438 out of bounds for length 438> (0x00000000a708b570) thrown at [./src/hotspot/share/interpreter/interpreterRuntime.cpp, line 459]
Event: 4.315 Thread 0x000001f7309e2800 Exception <a 'java/lang/ArrayIndexOutOfBoundsException'{0x00000000a70d2738}: Index 2320 out of bounds for length 2320> (0x00000000a70d2738) thrown at [./src/hotspot/share/interpreter/interpreterRuntime.cpp, line 459]
Event: 4.324 Thread 0x000001f7309e2800 Exception <a 'java/lang/IncompatibleClassChangeError'{0x00000000a70d3670}: Found class java.lang.Object, but interface was expected> (0x00000000a70d3670) thrown at [./src/hotspot/share/interpreter/linkResolver.cpp, line 839]
Event: 4.324 Thread 0x000001f7309de000 Exception <a 'java/lang/IncompatibleClassChangeError'{0x00000000a6fbf788}: Found class java.lang.Object, but interface was expected> (0x00000000a6fbf788) thrown at [./src/hotspot/share/interpreter/linkResolver.cpp, line 839]
Event: 4.411 Thread 0x000001f7309e2800 Exception <a 'java/lang/ArrayIndexOutOfBoundsException'{0x00000000a4c949c8}: Index 2283 out of bounds for length 2283> (0x00000000a4c949c8) thrown at [./src/hotspot/share/interpreter/interpreterRuntime.cpp, line 459]
Event: 4.413 Thread 0x000001f7309e2800 Exception <a 'java/lang/ArrayIndexOutOfBoundsException'{0x00000000a4ca7680}: Index 465 out of bounds for length 465> (0x00000000a4ca7680) thrown at [./src/hotspot/share/interpreter/interpreterRuntime.cpp, line 459]
Event: 4.416 Thread 0x000001f7309e2800 Exception <a 'java/lang/ArrayIndexOutOfBoundsException'{0x00000000a4cbc380}: Index 438 out of bounds for length 438> (0x00000000a4cbc380) thrown at [./src/hotspot/share/interpreter/interpreterRuntime.cpp, line 459]
Event: 4.420 Thread 0x000001f7309e2800 Exception <a 'java/lang/ArrayIndexOutOfBoundsException'{0x00000000a4b04ef0}: Index 2081 out of bounds for length 2081> (0x00000000a4b04ef0) thrown at [./src/hotspot/share/interpreter/interpreterRuntime.cpp, line 459]
Event: 4.423 Thread 0x000001f7309e2800 Exception <a 'java/lang/ArrayIndexOutOfBoundsException'{0x00000000a4b19b20}: Index 602 out of bounds for length 602> (0x00000000a4b19b20) thrown at [./src/hotspot/share/interpreter/interpreterRuntime.cpp, line 459]
Event: 4.430 Thread 0x000001f7309e2800 Exception <a 'java/lang/ArrayIndexOutOfBoundsException'{0x00000000a4b2daf8}> (0x00000000a4b2daf8) thrown at [./src/hotspot/share/runtime/sharedRuntime.cpp, line 584]
Event: 4.434 Thread 0x000001f7309e2800 Exception <a 'java/lang/ArrayIndexOutOfBoundsException'{0x00000000a4a7fda8}> (0x00000000a4a7fda8) thrown at [./src/hotspot/share/runtime/sharedRuntime.cpp, line 584]
Event: 4.436 Thread 0x000001f7309e2800 Exception <a 'java/lang/ArrayIndexOutOfBoundsException'{0x00000000a4a92270}> (0x00000000a4a92270) thrown at [./src/hotspot/share/runtime/sharedRuntime.cpp, line 584]
Event: 4.611 Thread 0x000001f7309de000 Exception <a 'java/lang/ArrayIndexOutOfBoundsException'{0x00000000a7cf35e8}> (0x00000000a7cf35e8) thrown at [./src/hotspot/share/runtime/sharedRuntime.cpp, line 584]
Event: 4.630 Thread 0x000001f7309de000 Exception <a 'java/lang/ArrayIndexOutOfBoundsException'{0x00000000a7a93578}> (0x00000000a7a93578) thrown at [./src/hotspot/share/runtime/sharedRuntime.cpp, line 584]
Event: 4.658 Thread 0x000001f7309de000 Exception <a 'java/lang/ArrayIndexOutOfBoundsException'{0x00000000a7716400}> (0x00000000a7716400) thrown at [./src/hotspot/share/runtime/sharedRuntime.cpp, line 584]
Event: 4.692 Thread 0x000001f7309de000 Exception <a 'java/lang/ArrayIndexOutOfBoundsException'{0x00000000a7427ff0}> (0x00000000a7427ff0) thrown at [./src/hotspot/share/runtime/sharedRuntime.cpp, line 584]
Event: 4.775 Thread 0x000001f7309de000 Exception <a 'java/lang/ArrayIndexOutOfBoundsException'{0x00000000a6d45e10}> (0x00000000a6d45e10) thrown at [./src/hotspot/share/runtime/sharedRuntime.cpp, line 584]
Event: 4.848 Thread 0x000001f7309de000 Exception <a 'java/lang/ArrayIndexOutOfBoundsException'{0x00000000a685da00}> (0x00000000a685da00) thrown at [./src/hotspot/share/runtime/sharedRuntime.cpp, line 584]
Event: 4.900 Thread 0x000001f7309de000 Exception <a 'java/lang/ArrayIndexOutOfBoundsException'{0x00000000a658bed8}> (0x00000000a658bed8) thrown at [./src/hotspot/share/runtime/sharedRuntime.cpp, line 584]

Events (20 events):
Event: 22.085 loading class org/springframework/ide/vscode/boot/properties/BootPropertiesLanguageServerComponents
Event: 22.085 loading class org/springframework/ide/vscode/boot/properties/BootPropertiesLanguageServerComponents done
Event: 22.086 loading class org/springframework/ide/vscode/commons/languageserver/util/SimpleLanguageServer
Event: 22.086 loading class org/springframework/ide/vscode/commons/languageserver/util/SimpleLanguageServer done
Event: 22.086 loading class org/springframework/ide/vscode/commons/languageserver/reconcile/IReconcileEngine
Event: 22.086 loading class org/springframework/ide/vscode/commons/languageserver/reconcile/IReconcileEngine done
Event: 22.086 loading class org/springframework/ide/vscode/boot/properties/BootPropertiesLanguageServerComponents
Event: 22.086 loading class org/springframework/ide/vscode/boot/properties/BootPropertiesLanguageServerComponents done
Event: 22.086 loading class org/springframework/ide/vscode/commons/util/text/TextDocument
Event: 22.086 loading class org/springframework/ide/vscode/commons/util/text/TextDocument done
Event: 22.086 loading class org/springframework/ide/vscode/commons/util/text/TextDocument
Event: 22.086 loading class org/springframework/ide/vscode/commons/util/text/TextDocument done
Event: 22.086 loading class org/springframework/ide/vscode/boot/properties/BootPropertiesLanguageServerComponents
Event: 22.086 loading class org/springframework/ide/vscode/boot/properties/BootPropertiesLanguageServerComponents done
Event: 22.087 loading class org/springframework/ide/vscode/commons/languageserver/util/SimpleLanguageServer
Event: 22.087 loading class org/springframework/ide/vscode/commons/languageserver/util/SimpleLanguageServer done
Event: 22.087 loading class org/springframework/ide/vscode/commons/util/text/TextDocument
Event: 22.087 loading class org/springframework/ide/vscode/commons/util/text/TextDocument done
Event: 22.087 loading class org/springframework/ide/vscode/commons/languageserver/util/SimpleLanguageServer
Event: 22.087 loading class org/springframework/ide/vscode/commons/languageserver/util/SimpleLanguageServer done


Dynamic libraries:
0x00007ff653800000 - 0x00007ff65380a000 	C:\Program Files\JetBrains\IntelliJ IDEA 2020.3\jbr\bin\java.exe
0x00007ff941de0000 - 0x00007ff941fd0000 	C:\windows\SYSTEM32\ntdll.dll
0x00007ff941c30000 - 0x00007ff941ce2000 	C:\windows\System32\KERNEL32.DLL
0x00007ff93ed90000 - 0x00007ff93f035000 	C:\windows\System32\KERNELBASE.dll
0x00007ff93f040000 - 0x00007ff93f13a000 	C:\windows\System32\ucrtbase.dll
0x00007ff93b090000 - 0x00007ff93b0a9000 	C:\Program Files\JetBrains\IntelliJ IDEA 2020.3\jbr\bin\jli.dll
0x00007ff939190000 - 0x00007ff9391a7000 	C:\Program Files\JetBrains\IntelliJ IDEA 2020.3\jbr\bin\VCRUNTIME140.dll
0x00007ff941970000 - 0x00007ff941b04000 	C:\windows\System32\USER32.dll
0x00007ff93f1e0000 - 0x00007ff93f201000 	C:\windows\System32\win32u.dll
0x00007ff928550000 - 0x00007ff9287d4000 	C:\windows\WinSxS\amd64_microsoft.windows.common-controls_6595b64144ccf1df_6.0.18362.1316_none_9e7a364fe461dbd7\COMCTL32.dll
0x00007ff941be0000 - 0x00007ff941c06000 	C:\windows\System32\GDI32.dll
0x00007ff93fcd0000 - 0x00007ff93fe68000 	C:\windows\System32\gdi32full.dll
0x00007ff93fea0000 - 0x00007ff93ff3e000 	C:\windows\System32\msvcrt.dll
0x00007ff93f140000 - 0x00007ff93f1de000 	C:\windows\System32\msvcp_win.dll
0x00007ff941280000 - 0x00007ff9415b7000 	C:\windows\System32\combase.dll
0x00007ff941160000 - 0x00007ff94127f000 	C:\windows\System32\RPCRT4.dll
0x00007ff93f210000 - 0x00007ff93f291000 	C:\windows\System32\bcryptPrimitives.dll
0x00007ff940e00000 - 0x00007ff940e2e000 	C:\windows\System32\IMM32.DLL
0x00007ff9004f0000 - 0x00007ff90058d000 	C:\Program Files\JetBrains\IntelliJ IDEA 2020.3\jbr\bin\msvcp140.dll
0x00007ff8d65a0000 - 0x00007ff8d706e000 	C:\Program Files\JetBrains\IntelliJ IDEA 2020.3\jbr\bin\server\jvm.dll
0x00007ff9415c0000 - 0x00007ff941663000 	C:\windows\System32\ADVAPI32.dll
0x00007ff941d00000 - 0x00007ff941d97000 	C:\windows\System32\sechost.dll
0x00007ff93fe90000 - 0x00007ff93fe98000 	C:\windows\System32\PSAPI.DLL
0x00007ff938d10000 - 0x00007ff938d19000 	C:\windows\SYSTEM32\WSOCK32.dll
0x00007ff93b3e0000 - 0x00007ff93b404000 	C:\windows\SYSTEM32\WINMM.dll
0x00007ff935ac0000 - 0x00007ff935aca000 	C:\windows\SYSTEM32\VERSION.dll
0x00007ff9410e0000 - 0x00007ff94114f000 	C:\windows\System32\WS2_32.dll
0x00007ff93b3b0000 - 0x00007ff93b3dd000 	C:\windows\SYSTEM32\winmmbase.dll
0x00007ff93fa20000 - 0x00007ff93fa6a000 	C:\windows\System32\cfgmgr32.dll
0x00007ff93eca0000 - 0x00007ff93ecb1000 	C:\windows\System32\kernel.appcore.dll
0x00007ff938d30000 - 0x00007ff938d41000 	C:\Program Files\JetBrains\IntelliJ IDEA 2020.3\jbr\bin\verify.dll
0x00007ff93d650000 - 0x00007ff93d844000 	C:\windows\SYSTEM32\DBGHELP.DLL
0x00007ff928410000 - 0x00007ff92843a000 	C:\windows\SYSTEM32\dbgcore.DLL
0x00007ff92ba70000 - 0x00007ff92ba99000 	C:\Program Files\JetBrains\IntelliJ IDEA 2020.3\jbr\bin\java.dll
0x00007ff939f20000 - 0x00007ff939f2b000 	C:\Program Files\JetBrains\IntelliJ IDEA 2020.3\jbr\bin\jimage.dll
0x00007ff938bb0000 - 0x00007ff938bc8000 	C:\Program Files\JetBrains\IntelliJ IDEA 2020.3\jbr\bin\zip.dll
0x00007ff93ff40000 - 0x00007ff940628000 	C:\windows\System32\SHELL32.dll
0x00007ff941030000 - 0x00007ff9410d7000 	C:\windows\System32\shcore.dll
0x00007ff93f2a0000 - 0x00007ff93fa1b000 	C:\windows\System32\windows.storage.dll
0x00007ff93ed30000 - 0x00007ff93ed53000 	C:\windows\System32\profapi.dll
0x00007ff93ecc0000 - 0x00007ff93ed0a000 	C:\windows\System32\powrprof.dll
0x00007ff93ec90000 - 0x00007ff93eca0000 	C:\windows\System32\UMPDC.dll
0x00007ff940fd0000 - 0x00007ff941022000 	C:\windows\System32\shlwapi.dll
0x00007ff93fe70000 - 0x00007ff93fe87000 	C:\windows\System32\cryptsp.dll
0x00007ff92b930000 - 0x00007ff92b94a000 	C:\Program Files\JetBrains\IntelliJ IDEA 2020.3\jbr\bin\net.dll
0x00007ff938db0000 - 0x00007ff938ea0000 	C:\windows\SYSTEM32\WINHTTP.dll
0x00007ff93e4d0000 - 0x00007ff93e537000 	C:\windows\system32\mswsock.dll
0x00007ff92b910000 - 0x00007ff92b924000 	C:\Program Files\JetBrains\IntelliJ IDEA 2020.3\jbr\bin\nio.dll
0x00007ff92ba60000 - 0x00007ff92ba6a000 	C:\Program Files\JetBrains\IntelliJ IDEA 2020.3\jbr\bin\management.dll
0x00007ff915f30000 - 0x00007ff915f3c000 	C:\Program Files\JetBrains\IntelliJ IDEA 2020.3\jbr\bin\management_ext.dll
0x00007ff9134c0000 - 0x00007ff9134d6000 	C:\windows\system32\napinsp.dll
0x00007ff9134a0000 - 0x00007ff9134ba000 	C:\windows\system32\pnrpnsp.dll
0x00007ff93e220000 - 0x00007ff93e2eb000 	C:\windows\SYSTEM32\DNSAPI.dll
0x00007ff941cf0000 - 0x00007ff941cf8000 	C:\windows\System32\NSI.dll
0x00007ff93e1e0000 - 0x00007ff93e21a000 	C:\windows\SYSTEM32\IPHLPAPI.DLL
0x00007ff913490000 - 0x00007ff91349e000 	C:\windows\System32\winrnr.dll
0x00007ff93aed0000 - 0x00007ff93aeec000 	C:\windows\system32\NLAapi.dll
0x00007ff93a360000 - 0x00007ff93a375000 	C:\windows\system32\wshbth.dll
0x00007ff937600000 - 0x00007ff93760a000 	C:\Windows\System32\rasadhlp.dll
0x00007ff93cbd0000 - 0x00007ff93cc47000 	C:\windows\System32\fwpuclnt.dll
0x00007ff93ed60000 - 0x00007ff93ed86000 	C:\windows\System32\bcrypt.dll
0x00007ff93e050000 - 0x00007ff93e083000 	C:\windows\system32\rsaenh.dll
0x00007ff93ebb0000 - 0x00007ff93ebd5000 	C:\windows\SYSTEM32\USERENV.dll
0x00007ff93e6a0000 - 0x00007ff93e6ac000 	C:\windows\SYSTEM32\CRYPTBASE.dll
0x00007ff93d580000 - 0x00007ff93d596000 	C:\windows\SYSTEM32\dhcpcsvc6.DLL
0x00007ff93d560000 - 0x00007ff93d57c000 	C:\windows\SYSTEM32\dhcpcsvc.DLL
0x00007ff92e7d0000 - 0x00007ff92e7da000 	C:\Program Files\JetBrains\IntelliJ IDEA 2020.3\jbr\bin\attach.dll

dbghelp: loaded successfully - version: 4.0.5 - missing functions: none
symbol engine: initialized successfully - sym options: 0x614 - pdb path: .;C:\Program Files\JetBrains\IntelliJ IDEA 2020.3\jbr\bin;C:\windows\SYSTEM32;C:\windows\WinSxS\amd64_microsoft.windows.common-controls_6595b64144ccf1df_6.0.18362.1316_none_9e7a364fe461dbd7;C:\Program Files\JetBrains\IntelliJ IDEA 2020.3\jbr\bin\server

VM Arguments:
java_command: C:\Users\amins\AppData\Roaming\JetBrains\IntelliJIdea2020.3\plugins\idea-spring-tools\lib\server\language-server.jar
java_class_path (initial): C:\Users\amins\AppData\Roaming\JetBrains\IntelliJIdea2020.3\plugins\idea-spring-tools\lib\server\language-server.jar
Launcher Type: SUN_STANDARD

[Global flags]
     intx CICompilerCount                          = 4                                         {product} {ergonomic}
     uint ConcGCThreads                            = 2                                         {product} {ergonomic}
     uint G1ConcRefinementThreads                  = 8                                         {product} {ergonomic}
   size_t G1HeapRegionSize                         = 1048576                                   {product} {ergonomic}
    uintx GCDrainStackTargetSize                   = 64                                        {product} {ergonomic}
   size_t InitialHeapSize                          = 100663296                                 {product} {ergonomic}
   size_t MarkStackSize                            = 4194304                                   {product} {ergonomic}
   size_t MaxHeapSize                              = 1589641216                                {product} {ergonomic}
   size_t MaxNewSize                               = 953155584                                 {product} {ergonomic}
   size_t MinHeapDeltaBytes                        = 1048576                                   {product} {ergonomic}
    uintx NonNMethodCodeHeapSize                   = 5836300                                {pd product} {ergonomic}
    uintx NonProfiledCodeHeapSize                  = 122910970                              {pd product} {ergonomic}
    uintx ProfiledCodeHeapSize                     = 122910970                              {pd product} {ergonomic}
    uintx ReservedCodeCacheSize                    = 251658240                              {pd product} {ergonomic}
     bool SegmentedCodeCache                       = true                                      {product} {ergonomic}
     bool UseCompressedClassPointers               = true                                 {lp64_product} {ergonomic}
     bool UseCompressedOops                        = true                                 {lp64_product} {ergonomic}
     bool UseG1GC                                  = true                                      {product} {ergonomic}
     bool UseLargePagesIndividualAllocation        = false                                  {pd product} {ergonomic}

Logging:
Log output configuration:
 #0: stdout all=warning uptime,level,tags
 #1: stderr all=off uptime,level,tags

Environment Variables:
JAVA_HOME=C:\Program Files\jdk-14.0.1
PATH=C:\Program Files (x86)\Common Files\Oracle\Java\javapath;C:\windows\system32;C:\windows;C:\windows\System32\Wbem;C:\windows\System32\WindowsPowerShell\v1.0\;C:\windows\System32\OpenSSH\;C:\Program Files (x86)\NVIDIA Corporation\PhysX\Common;C:\Program Files\NVIDIA Corporation\NVIDIA NvDLISR;C:\Program Files\Git\cmd;C:\Program Files\nodejs\;C:\Program Files\MySQL\MySQL Shell 8.0\bin\;C:\Users\amins\AppData\Local\Microsoft\WindowsApps;C:\Users\amins\AppData\Local\Programs\Microsoft VS Code\bin;C:\Program Files\apache-maven-3.6.3\bin;C:\Users\amins\AppData\Roaming\npm
USERNAME=amins
OS=Windows_NT
PROCESSOR_IDENTIFIER=AMD64 Family 23 Model 24 Stepping 1, AuthenticAMD



---------------  S Y S T E M  ---------------

OS: Windows 10 , 64 bit Build 18362 (10.0.18362.1316)
OS uptime: 0 days 12:16 hours

CPU:total 8 (initial active 8) (8 cores per cpu, 2 threads per core) family 23 model 24 stepping 1, cmov, cx8, fxsr, mmx, sse, sse2, sse3, ssse3, sse4.1, sse4.2, popcnt, avx, avx2, aes, clmul, mmxext, 3dnowpref, lzcnt, sse4a, ht, tsc, tscinvbit, tscinv, bmi1, bmi2, adx, sha, fma

Memory: 4k page, system-wide physical 6061M (412M free)
TotalPageFile size 22061M (AvailPageFile size 2M)
current process WorkingSet (physical memory assigned to process): 211M, peak: 250M
current process commit charge ("private bytes"): 259M, peak: 300M

vm_info: OpenJDK 64-Bit Server VM (11.0.9+11-b1145.21) for windows-amd64 JRE (11.0.9+11-b1145.21), built on Nov 21 2020 14:37:09 by "" with MS VC++ 14.0 (VS2015)

END.
